<?xml version="1.0" ?>
<!DOCTYPE coverage SYSTEM "http://cobertura.sourceforge.net/xml/coverage-04.dtd">
<coverage lines-valid="2872"  lines-covered="2755"  line-rate="0.9593"  branches-valid="1272"  branches-covered="1194"  branch-rate="0.9387000000000001"  timestamp="1728058996107" complexity="0" version="0.1">
<sources>
	<source>/home/runner/work/lido-dao/lido-dao</source>
</sources>
<packages>
	<package name="0.4.24"  line-rate="1"  branch-rate="0.9911" >
	<classes>
		<class name="Lido.sol"  filename="contracts/0.4.24/Lido.sol"  line-rate="1"  branch-rate="0.9875" >
		<methods>
			<method name="initialize"  hits="40"  signature="()V" >
				<lines><line number="269"  hits="40" /></lines>
			</method>
			<method name="_initialize_v2"  hits="39"  signature="()V" >
				<lines><line number="279"  hits="39" /></lines>
			</method>
			<method name="finalizeUpgrade_v2"  hits="6"  signature="()V" >
				<lines><line number="304"  hits="6" /></lines>
			</method>
			<method name="pauseStaking"  hits="4"  signature="()V" >
				<lines><line number="324"  hits="4" /></lines>
			</method>
			<method name="resumeStaking"  hits="27"  signature="()V" >
				<lines><line number="339"  hits="27" /></lines>
			</method>
			<method name="setStakingLimit"  hits="8"  signature="()V" >
				<lines><line number="368"  hits="8" /></lines>
			</method>
			<method name="removeStakingLimit"  hits="2"  signature="()V" >
				<lines><line number="383"  hits="2" /></lines>
			</method>
			<method name="isStakingPaused"  hits="7"  signature="()V" >
				<lines><line number="394"  hits="7" /></lines>
			</method>
			<method name="getCurrentStakeLimit"  hits="13"  signature="()V" >
				<lines><line number="405"  hits="13" /></lines>
			</method>
			<method name="getStakeLimitFullInfo"  hits="9"  signature="()V" >
				<lines><line number="420"  hits="9" /></lines>
			</method>
			<method name=""  hits="7"  signature="()V" >
				<lines><line number="454"  hits="7" /></lines>
			</method>
			<method name="submit"  hits="20"  signature="()V" >
				<lines><line number="465"  hits="20" /></lines>
			</method>
			<method name="receiveELRewards"  hits="3"  signature="()V" >
				<lines><line number="474"  hits="3" /></lines>
			</method>
			<method name="receiveWithdrawals"  hits="2"  signature="()V" >
				<lines><line number="487"  hits="2" /></lines>
			</method>
			<method name="stop"  hits="6"  signature="()V" >
				<lines><line number="496"  hits="6" /></lines>
			</method>
			<method name="resume"  hits="21"  signature="()V" >
				<lines><line number="507"  hits="21" /></lines>
			</method>
			<method name="handleOracleReport"  hits="30"  signature="()V" >
				<lines><line number="572"  hits="30" /></lines>
			</method>
			<method name="unsafeChangeDepositedValidators"  hits="6"  signature="()V" >
				<lines><line number="613"  hits="6" /></lines>
			</method>
			<method name="transferToVault"  hits="1"  signature="()V" >
				<lines><line number="624"  hits="1" /></lines>
			</method>
			<method name="getBufferedEther"  hits="10"  signature="()V" >
				<lines><line number="634"  hits="10" /></lines>
			</method>
			<method name="getTotalELRewardsCollected"  hits="6"  signature="()V" >
				<lines><line number="644"  hits="6" /></lines>
			</method>
			<method name="getLidoLocator"  hits="108"  signature="()V" >
				<lines><line number="652"  hits="108" /></lines>
			</method>
			<method name="getBeaconStat"  hits="6"  signature="()V" >
				<lines><line number="664"  hits="6" /></lines>
			</method>
			<method name="canDeposit"  hits="7"  signature="()V" >
				<lines><line number="674"  hits="7" /></lines>
			</method>
			<method name="getDepositableEther"  hits="7"  signature="()V" >
				<lines><line number="682"  hits="7" /></lines>
			</method>
			<method name="deposit"  hits="4"  signature="()V" >
				<lines><line number="694"  hits="4" /></lines>
			</method>
			<method name="getWithdrawalCredentials"  hits="1"  signature="()V" >
				<lines><line number="731"  hits="1" /></lines>
			</method>
			<method name="getOracle"  hits="1"  signature="()V" >
				<lines><line number="739"  hits="1" /></lines>
			</method>
			<method name="getTreasury"  hits="5"  signature="()V" >
				<lines><line number="747"  hits="5" /></lines>
			</method>
			<method name="getFee"  hits="1"  signature="()V" >
				<lines><line number="758"  hits="1" /></lines>
			</method>
			<method name="getFeeDistribution"  hits="1"  signature="()V" >
				<lines><line number="774"  hits="1" /></lines>
			</method>
			<method name="_processClStateUpdate"  hits="27"  signature="()V" >
				<lines><line number="803"  hits="27" /></lines>
			</method>
			<method name="_collectRewardsAndProcessWithdrawals"  hits="23"  signature="()V" >
				<lines><line number="832"  hits="23" /></lines>
			</method>
			<method name="_calculateWithdrawals"  hits="7"  signature="()V" >
				<lines><line number="871"  hits="7" /></lines>
			</method>
			<method name="_processRewards"  hits="23"  signature="()V" >
				<lines><line number="895"  hits="23" /></lines>
			</method>
			<method name="_submit"  hits="25"  signature="()V" >
				<lines><line number="922"  hits="25" /></lines>
			</method>
			<method name="_getStakingRewardsDistribution"  hits="7"  signature="()V" >
				<lines><line number="966"  hits="7" /></lines>
			</method>
			<method name="_distributeFee"  hits="7"  signature="()V" >
				<lines><line number="990"  hits="7" /></lines>
			</method>
			<method name="_transferModuleRewards"  hits="2"  signature="()V" >
				<lines><line number="1055"  hits="2" /></lines>
			</method>
			<method name="_transferTreasuryRewards"  hits="2"  signature="()V" >
				<lines><line number="1074"  hits="2" /></lines>
			</method>
			<method name="_getBufferedEther"  hits="250"  signature="()V" >
				<lines><line number="1083"  hits="250" /></lines>
			</method>
			<method name="_setBufferedEther"  hits="81"  signature="()V" >
				<lines><line number="1087"  hits="81" /></lines>
			</method>
			<method name="_getTransientBalance"  hits="167"  signature="()V" >
				<lines><line number="1094"  hits="167" /></lines>
			</method>
			<method name="_getTotalPooledEther"  hits="167"  signature="()V" >
				<lines><line number="1106"  hits="167" /></lines>
			</method>
			<method name="_pauseStaking"  hits="7"  signature="()V" >
				<lines><line number="1112"  hits="7" /></lines>
			</method>
			<method name="_resumeStaking"  hits="45"  signature="()V" >
				<lines><line number="1120"  hits="45" /></lines>
			</method>
			<method name="_getCurrentStakeLimit"  hits="22"  signature="()V" >
				<lines><line number="1128"  hits="22" /></lines>
			</method>
			<method name="_auth"  hits="74"  signature="()V" >
				<lines><line number="1143"  hits="74" /></lines>
			</method>
			<method name="_handleOracleReport"  hits="29"  signature="()V" >
				<lines><line number="1180"  hits="29" /></lines>
			</method>
			<method name="_checkAccountingOracleReport"  hits="25"  signature="()V" >
				<lines><line number="1305"  hits="25" /></lines>
			</method>
			<method name="_completeTokenRebase"  hits="21"  signature="()V" >
				<lines><line number="1326"  hits="21" /></lines>
			</method>
			<method name="_loadOracleReportContracts"  hits="29"  signature="()V" >
				<lines><line number="1360"  hits="29" /></lines>
			</method>
			<method name="_stakingRouter"  hits="12"  signature="()V" >
				<lines><line number="1372"  hits="12" /></lines>
			</method>
			<method name="_withdrawalQueue"  hits="14"  signature="()V" >
				<lines><line number="1376"  hits="14" /></lines>
			</method>
			<method name="_treasury"  hits="7"  signature="()V" >
				<lines><line number="1380"  hits="7" /></lines>
			</method>
			<method name="_bootstrapInitialHolder"  hits="42"  signature="()V" >
				<lines><line number="1395"  hits="42" /></lines>
			</method>
		</methods>
		<lines>
			<line number="271"  hits="40"  branch="false" />
			<line number="272"  hits="38"  branch="false" />
			<line number="273"  hits="38"  branch="false" />
			<line number="280"  hits="39"  branch="false" />
			<line number="282"  hits="39"  branch="false" />
			<line number="283"  hits="39"  branch="false" />
			<line number="287"  hits="39"  branch="false" />
			<line number="293"  hits="39"  branch="false" />
			<line number="305"  hits="6"  branch="false" />
			<line number="306"  hits="5"  branch="true"  condition-coverage="100% (2/2)" />
			<line number="308"  hits="4"  branch="true"  condition-coverage="100% (2/2)" />
			<line number="309"  hits="3"  branch="true"  condition-coverage="100% (2/2)" />
			<line number="311"  hits="2"  branch="true"  condition-coverage="100% (2/2)" />
			<line number="313"  hits="1"  branch="false" />
			<line number="325"  hits="4"  branch="false" />
			<line number="327"  hits="3"  branch="false" />
			<line number="340"  hits="27"  branch="false" />
			<line number="341"  hits="26"  branch="true"  condition-coverage="50% (1/2)" />
			<line number="343"  hits="26"  branch="false" />
			<line number="369"  hits="8"  branch="false" />
			<line number="371"  hits="7"  branch="false" />
			<line number="375"  hits="7"  branch="false" />
			<line number="384"  hits="2"  branch="false" />
			<line number="386"  hits="1"  branch="false" />
			<line number="388"  hits="1"  branch="false" />
			<line number="395"  hits="7"  branch="false" />
			<line number="406"  hits="13"  branch="false" />
			<line number="433"  hits="9"  branch="false" />
			<line number="435"  hits="9"  branch="false" />
			<line number="436"  hits="9"  branch="false" />
			<line number="438"  hits="9"  branch="false" />
			<line number="440"  hits="9"  branch="false" />
			<line number="441"  hits="9"  branch="false" />
			<line number="442"  hits="9"  branch="false" />
			<line number="443"  hits="9"  branch="false" />
			<line number="456"  hits="7"  branch="true"  condition-coverage="100% (2/2)" />
			<line number="457"  hits="5"  branch="false" />
			<line number="466"  hits="20"  branch="false" />
			<line number="475"  hits="3"  branch="true"  condition-coverage="100% (2/2)" />
			<line number="477"  hits="2"  branch="false" />
			<line number="479"  hits="2"  branch="false" />
			<line number="488"  hits="2"  branch="true"  condition-coverage="100% (2/2)" />
			<line number="490"  hits="1"  branch="false" />
			<line number="497"  hits="6"  branch="false" />
			<line number="499"  hits="5"  branch="false" />
			<line number="500"  hits="4"  branch="false" />
			<line number="508"  hits="21"  branch="false" />
			<line number="510"  hits="20"  branch="false" />
			<line number="511"  hits="19"  branch="false" />
			<line number="587"  hits="30"  branch="false" />
			<line number="589"  hits="29"  branch="false" />
			<line number="614"  hits="6"  branch="false" />
			<line number="616"  hits="5"  branch="false" />
			<line number="618"  hits="5"  branch="false" />
			<line number="625"  hits="1"  branch="false" />
			<line number="635"  hits="10"  branch="false" />
			<line number="645"  hits="6"  branch="false" />
			<line number="653"  hits="108"  branch="false" />
			<line number="665"  hits="6"  branch="false" />
			<line number="666"  hits="6"  branch="false" />
			<line number="667"  hits="6"  branch="false" />
			<line number="675"  hits="7"  branch="false" />
			<line number="683"  hits="7"  branch="false" />
			<line number="684"  hits="7"  branch="false" />
			<line number="685"  hits="7"  branch="true"  condition-coverage="100% (2/2)" />
			<line number="695"  hits="4"  branch="false" />
			<line number="697"  hits="4"  branch="true"  condition-coverage="100% (2/2)" />
			<line number="698"  hits="3"  branch="true"  condition-coverage="100% (2/2)" />
			<line number="700"  hits="2"  branch="false" />
			<line number="701"  hits="2"  branch="false" />
			<line number="706"  hits="2"  branch="false" />
			<line number="707"  hits="2"  branch="true"  condition-coverage="100% (2/2)" />
			<line number="708"  hits="1"  branch="false" />
			<line number="711"  hits="1"  branch="false" />
			<line number="712"  hits="1"  branch="false" />
			<line number="714"  hits="1"  branch="false" />
			<line number="715"  hits="1"  branch="false" />
			<line number="716"  hits="1"  branch="false" />
			<line number="722"  hits="2"  branch="false" />
			<line number="732"  hits="1"  branch="false" />
			<line number="740"  hits="1"  branch="false" />
			<line number="748"  hits="5"  branch="false" />
			<line number="759"  hits="1"  branch="false" />
			<line number="782"  hits="1"  branch="false" />
			<line number="783"  hits="1"  branch="false" />
			<line number="784"  hits="1"  branch="false" />
			<line number="785"  hits="1"  branch="false" />
			<line number="788"  hits="1"  branch="false" />
			<line number="789"  hits="1"  branch="false" />
			<line number="790"  hits="1"  branch="false" />
			<line number="809"  hits="27"  branch="false" />
			<line number="810"  hits="27"  branch="true"  condition-coverage="100% (2/2)" />
			<line number="811"  hits="26"  branch="true"  condition-coverage="100% (2/2)" />
			<line number="813"  hits="25"  branch="true"  condition-coverage="100% (2/2)" />
			<line number="814"  hits="3"  branch="false" />
			<line number="817"  hits="25"  branch="false" />
			<line number="818"  hits="25"  branch="false" />
			<line number="820"  hits="25"  branch="false" />
			<line number="824"  hits="25"  branch="false" />
			<line number="826"  hits="25"  branch="false" />
			<line number="841"  hits="23"  branch="true"  condition-coverage="100% (2/2)" />
			<line number="842"  hits="1"  branch="false" />
			<line number="846"  hits="23"  branch="true"  condition-coverage="100% (2/2)" />
			<line number="847"  hits="1"  branch="false" />
			<line number="851"  hits="23"  branch="true"  condition-coverage="100% (2/2)" />
			<line number="852"  hits="2"  branch="false" />
			<line number="853"  hits="2"  branch="false" />
			<line number="859"  hits="23"  branch="false" />
			<line number="864"  hits="23"  branch="false" />
			<line number="877"  hits="7"  branch="false" />
			<line number="879"  hits="7"  branch="true"  condition-coverage="100% (2/2)" />
			<line number="880"  hits="6"  branch="false" />
			<line number="885"  hits="5"  branch="false" />
			<line number="901"  hits="23"  branch="false" />
			<line number="906"  hits="23"  branch="true"  condition-coverage="100% (2/2)" />
			<line number="907"  hits="7"  branch="false" />
			<line number="909"  hits="7"  branch="false" />
			<line number="923"  hits="25"  branch="true"  condition-coverage="100% (2/2)" />
			<line number="925"  hits="23"  branch="false" />
			<line number="928"  hits="23"  branch="true"  condition-coverage="100% (2/2)" />
			<line number="930"  hits="21"  branch="true"  condition-coverage="100% (2/2)" />
			<line number="931"  hits="4"  branch="false" />
			<line number="933"  hits="4"  branch="true"  condition-coverage="100% (2/2)" />
			<line number="935"  hits="2"  branch="false" />
			<line number="938"  hits="19"  branch="false" />
			<line number="940"  hits="19"  branch="false" />
			<line number="942"  hits="19"  branch="false" />
			<line number="943"  hits="19"  branch="false" />
			<line number="945"  hits="19"  branch="false" />
			<line number="946"  hits="19"  branch="false" />
			<line number="970"  hits="7"  branch="false" />
			<line number="972"  hits="7"  branch="false" />
			<line number="980"  hits="7"  branch="true"  condition-coverage="100% (2/2)" />
			<line number="981"  hits="6"  branch="true"  condition-coverage="100% (2/2)" />
			<line number="1021"  hits="7"  branch="false" />
			<line number="1026"  hits="5"  branch="true"  condition-coverage="100% (2/2)" />
			<line number="1027"  hits="2"  branch="false" />
			<line number="1029"  hits="2"  branch="false" />
			<line number="1036"  hits="2"  branch="false" />
			<line number="1038"  hits="2"  branch="false" />
			<line number="1046"  hits="2"  branch="false" />
			<line number="1048"  hits="2"  branch="false" />
			<line number="1061"  hits="2"  branch="false" />
			<line number="1063"  hits="2"  branch="false" />
			<line number="1064"  hits="2"  branch="true"  condition-coverage="100% (2/2)" />
			<line number="1065"  hits="1"  branch="false" />
			<line number="1066"  hits="1"  branch="false" />
			<line number="1067"  hits="1"  branch="false" />
			<line number="1068"  hits="1"  branch="false" />
			<line number="1069"  hits="1"  branch="false" />
			<line number="1075"  hits="2"  branch="false" />
			<line number="1076"  hits="2"  branch="false" />
			<line number="1077"  hits="2"  branch="false" />
			<line number="1084"  hits="250"  branch="false" />
			<line number="1088"  hits="81"  branch="false" />
			<line number="1095"  hits="167"  branch="false" />
			<line number="1096"  hits="167"  branch="false" />
			<line number="1098"  hits="167"  branch="false" />
			<line number="1099"  hits="167"  branch="false" />
			<line number="1107"  hits="167"  branch="false" />
			<line number="1113"  hits="7"  branch="false" />
			<line number="1117"  hits="7"  branch="false" />
			<line number="1121"  hits="45"  branch="false" />
			<line number="1125"  hits="45"  branch="false" />
			<line number="1129"  hits="22"  branch="true"  condition-coverage="100% (2/2)" />
			<line number="1130"  hits="3"  branch="false" />
			<line number="1132"  hits="19"  branch="true"  condition-coverage="100% (2/2)" />
			<line number="1133"  hits="2"  branch="false" />
			<line number="1136"  hits="17"  branch="false" />
			<line number="1144"  hits="74"  branch="true"  condition-coverage="100% (2/2)" />
			<line number="1181"  hits="29"  branch="false" />
			<line number="1183"  hits="29"  branch="true"  condition-coverage="100% (2/2)" />
			<line number="1184"  hits="28"  branch="true"  condition-coverage="100% (2/2)" />
			<line number="1186"  hits="27"  branch="false" />
			<line number="1190"  hits="27"  branch="false" />
			<line number="1191"  hits="27"  branch="false" />
			<line number="1192"  hits="27"  branch="false" />
			<line number="1193"  hits="27"  branch="false" />
			<line number="1202"  hits="25"  branch="false" />
			<line number="1207"  hits="24"  branch="true"  condition-coverage="100% (2/2)" />
			<line number="1208"  hits="7"  branch="false" />
			<line number="1213"  hits="6"  branch="true"  condition-coverage="100% (2/2)" />
			<line number="1214"  hits="1"  branch="false" />
			<line number="1224"  hits="23"  branch="false" />
			<line number="1225"  hits="23"  branch="false" />
			<line number="1226"  hits="23"  branch="false" />
			<line number="1242"  hits="23"  branch="false" />
			<line number="1251"  hits="23"  branch="false" />
			<line number="1262"  hits="23"  branch="true"  condition-coverage="100% (2/2)" />
			<line number="1263"  hits="1"  branch="false" />
			<line number="1264"  hits="1"  branch="false" />
			<line number="1269"  hits="23"  branch="false" />
			<line number="1278"  hits="21"  branch="false" />
			<line number="1288"  hits="21"  branch="true"  condition-coverage="100% (2/2)" />
			<line number="1289"  hits="6"  branch="false" />
			<line number="1298"  hits="20"  branch="false" />
			<line number="1310"  hits="25"  branch="false" />
			<line number="1331"  hits="21"  branch="false" />
			<line number="1332"  hits="21"  branch="false" />
			<line number="1334"  hits="21"  branch="true"  condition-coverage="100% (2/2)" />
			<line number="1335"  hits="20"  branch="false" />
			<line number="1346"  hits="21"  branch="false" />
			<line number="1361"  hits="29"  branch="false" />
			<line number="1373"  hits="12"  branch="false" />
			<line number="1377"  hits="14"  branch="false" />
			<line number="1381"  hits="7"  branch="false" />
			<line number="1396"  hits="42"  branch="false" />
			<line number="1397"  hits="42"  branch="false" />
			<line number="1399"  hits="40"  branch="true"  condition-coverage="100% (2/2)" />
			<line number="1402"  hits="39"  branch="false" />
			<line number="1404"  hits="39"  branch="false" />
			<line number="1405"  hits="39"  branch="false" />
		</lines>
		</class>
		<class name="StETH.sol"  filename="contracts/0.4.24/StETH.sol"  line-rate="1"  branch-rate="1" >
		<methods>
			<method name="name"  hits="3"  signature="()V" >
				<lines><line number="122"  hits="3" /></lines>
			</method>
			<method name="symbol"  hits="3"  signature="()V" >
				<lines><line number="130"  hits="3" /></lines>
			</method>
			<method name="decimals"  hits="3"  signature="()V" >
				<lines><line number="137"  hits="3" /></lines>
			</method>
			<method name="totalSupply"  hits="45"  signature="()V" >
				<lines><line number="147"  hits="45" /></lines>
			</method>
			<method name="getTotalPooledEther"  hits="15"  signature="()V" >
				<lines><line number="156"  hits="15" /></lines>
			</method>
			<method name="balanceOf"  hits="281"  signature="()V" >
				<lines><line number="166"  hits="281" /></lines>
			</method>
			<method name="transfer"  hits="28"  signature="()V" >
				<lines><line number="185"  hits="28" /></lines>
			</method>
			<method name="allowance"  hits="211"  signature="()V" >
				<lines><line number="196"  hits="211" /></lines>
			</method>
			<method name="approve"  hits="107"  signature="()V" >
				<lines><line number="212"  hits="107" /></lines>
			</method>
			<method name="transferFrom"  hits="63"  signature="()V" >
				<lines><line number="237"  hits="63" /></lines>
			</method>
			<method name="increaseAllowance"  hits="1"  signature="()V" >
				<lines><line number="255"  hits="1" /></lines>
			</method>
			<method name="decreaseAllowance"  hits="2"  signature="()V" >
				<lines><line number="273"  hits="2" /></lines>
			</method>
			<method name="getTotalShares"  hits="17"  signature="()V" >
				<lines><line number="286"  hits="17" /></lines>
			</method>
			<method name="sharesOf"  hits="33"  signature="()V" >
				<lines><line number="293"  hits="33" /></lines>
			</method>
			<method name="getSharesByPooledEth"  hits="203"  signature="()V" >
				<lines><line number="300"  hits="203" /></lines>
			</method>
			<method name="getPooledEthByShares"  hits="439"  signature="()V" >
				<lines><line number="309"  hits="439" /></lines>
			</method>
			<method name="transferShares"  hits="10"  signature="()V" >
				<lines><line number="330"  hits="10" /></lines>
			</method>
			<method name="transferSharesFrom"  hits="14"  signature="()V" >
				<lines><line number="353"  hits="14" /></lines>
			</method>
			<method name="_transfer"  hits="87"  signature="()V" >
				<lines><line number="375"  hits="87" /></lines>
			</method>
			<method name="_approve"  hits="205"  signature="()V" >
				<lines><line number="393"  hits="205" /></lines>
			</method>
			<method name="_spendAllowance"  hits="77"  signature="()V" >
				<lines><line number="409"  hits="77" /></lines>
			</method>
			<method name="_getTotalShares"  hits="862"  signature="()V" >
				<lines><line number="420"  hits="862" /></lines>
			</method>
			<method name="_sharesOf"  hits="317"  signature="()V" >
				<lines><line number="427"  hits="317" /></lines>
			</method>
			<method name="_transferShares"  hits="114"  signature="()V" >
				<lines><line number="441"  hits="114" /></lines>
			</method>
			<method name="_mintShares"  hits="114"  signature="()V" >
				<lines><line number="465"  hits="114" /></lines>
			</method>
			<method name="_burnShares"  hits="4"  signature="()V" >
				<lines><line number="491"  hits="4" /></lines>
			</method>
			<method name="_emitTransferEvents"  hits="163"  signature="()V" >
				<lines><line number="520"  hits="163" /></lines>
			</method>
			<method name="_emitTransferAfterMintingShares"  hits="64"  signature="()V" >
				<lines><line number="528"  hits="64" /></lines>
			</method>
			<method name="_mintInitialShares"  hits="40"  signature="()V" >
				<lines><line number="535"  hits="40" /></lines>
			</method>
		</methods>
		<lines>
			<line number="123"  hits="3"  branch="false" />
			<line number="131"  hits="3"  branch="false" />
			<line number="138"  hits="3"  branch="false" />
			<line number="148"  hits="45"  branch="false" />
			<line number="157"  hits="15"  branch="false" />
			<line number="167"  hits="281"  branch="false" />
			<line number="186"  hits="28"  branch="false" />
			<line number="187"  hits="23"  branch="false" />
			<line number="197"  hits="211"  branch="false" />
			<line number="213"  hits="107"  branch="false" />
			<line number="214"  hits="105"  branch="false" />
			<line number="238"  hits="63"  branch="false" />
			<line number="239"  hits="59"  branch="false" />
			<line number="240"  hits="55"  branch="false" />
			<line number="256"  hits="1"  branch="false" />
			<line number="257"  hits="1"  branch="false" />
			<line number="274"  hits="2"  branch="false" />
			<line number="275"  hits="2"  branch="true"  condition-coverage="100% (2/2)" />
			<line number="276"  hits="1"  branch="false" />
			<line number="277"  hits="1"  branch="false" />
			<line number="287"  hits="17"  branch="false" />
			<line number="294"  hits="33"  branch="false" />
			<line number="301"  hits="203"  branch="false" />
			<line number="310"  hits="439"  branch="false" />
			<line number="331"  hits="10"  branch="false" />
			<line number="332"  hits="7"  branch="false" />
			<line number="333"  hits="7"  branch="false" />
			<line number="334"  hits="7"  branch="false" />
			<line number="356"  hits="14"  branch="false" />
			<line number="357"  hits="14"  branch="false" />
			<line number="358"  hits="14"  branch="false" />
			<line number="359"  hits="14"  branch="false" />
			<line number="360"  hits="14"  branch="false" />
			<line number="376"  hits="87"  branch="false" />
			<line number="377"  hits="87"  branch="false" />
			<line number="378"  hits="78"  branch="false" />
			<line number="394"  hits="205"  branch="true"  condition-coverage="100% (2/2)" />
			<line number="395"  hits="204"  branch="true"  condition-coverage="100% (2/2)" />
			<line number="397"  hits="203"  branch="false" />
			<line number="398"  hits="203"  branch="false" />
			<line number="410"  hits="77"  branch="false" />
			<line number="411"  hits="77"  branch="true"  condition-coverage="100% (2/2)" />
			<line number="412"  hits="54"  branch="true"  condition-coverage="100% (2/2)" />
			<line number="413"  hits="50"  branch="false" />
			<line number="421"  hits="862"  branch="false" />
			<line number="428"  hits="317"  branch="false" />
			<line number="442"  hits="114"  branch="true"  condition-coverage="100% (2/2)" />
			<line number="443"  hits="113"  branch="true"  condition-coverage="100% (2/2)" />
			<line number="444"  hits="109"  branch="true"  condition-coverage="100% (2/2)" />
			<line number="445"  hits="105"  branch="false" />
			<line number="447"  hits="105"  branch="false" />
			<line number="448"  hits="105"  branch="true"  condition-coverage="100% (2/2)" />
			<line number="450"  hits="102"  branch="false" />
			<line number="451"  hits="102"  branch="false" />
			<line number="466"  hits="114"  branch="true"  condition-coverage="100% (2/2)" />
			<line number="468"  hits="113"  branch="false" />
			<line number="469"  hits="113"  branch="false" />
			<line number="471"  hits="113"  branch="false" />
			<line number="492"  hits="4"  branch="true"  condition-coverage="100% (2/2)" />
			<line number="494"  hits="3"  branch="false" />
			<line number="495"  hits="3"  branch="true"  condition-coverage="100% (2/2)" />
			<line number="497"  hits="2"  branch="false" />
			<line number="499"  hits="2"  branch="false" />
			<line number="500"  hits="2"  branch="false" />
			<line number="502"  hits="2"  branch="false" />
			<line number="504"  hits="2"  branch="false" />
			<line number="506"  hits="2"  branch="false" />
			<line number="521"  hits="163"  branch="false" />
			<line number="522"  hits="163"  branch="false" />
			<line number="529"  hits="64"  branch="false" />
			<line number="536"  hits="40"  branch="false" />
			<line number="537"  hits="40"  branch="false" />
		</lines>
		</class>
		<class name="StETHPermit.sol"  filename="contracts/0.4.24/StETHPermit.sol"  line-rate="1"  branch-rate="1" >
		<methods>
			<method name="permit"  hits="26"  signature="()V" >
				<lines><line number="99"  hits="26" /></lines>
			</method>
			<method name="nonces"  hits="7"  signature="()V" >
				<lines><line number="121"  hits="7" /></lines>
			</method>
			<method name="DOMAIN_SEPARATOR"  hits="2"  signature="()V" >
				<lines><line number="129"  hits="2" /></lines>
			</method>
			<method name="eip712Domain"  hits="2"  signature="()V" >
				<lines><line number="143"  hits="2" /></lines>
			</method>
			<method name="_useNonce"  hits="24"  signature="()V" >
				<lines><line number="155"  hits="24" /></lines>
			</method>
			<method name="_initializeEIP712StETH"  hits="48"  signature="()V" >
				<lines><line number="163"  hits="48" /></lines>
			</method>
			<method name="getEIP712StETH"  hits="79"  signature="()V" >
				<lines><line number="175"  hits="79" /></lines>
			</method>
		</methods>
		<lines>
			<line number="102"  hits="26"  branch="true"  condition-coverage="100% (2/2)" />
			<line number="104"  hits="24"  branch="false" />
			<line number="108"  hits="24"  branch="false" />
			<line number="110"  hits="23"  branch="true"  condition-coverage="100% (2/2)" />
			<line number="111"  hits="7"  branch="false" />
			<line number="122"  hits="7"  branch="false" />
			<line number="130"  hits="2"  branch="false" />
			<line number="149"  hits="2"  branch="false" />
			<line number="156"  hits="24"  branch="false" />
			<line number="157"  hits="24"  branch="false" />
			<line number="164"  hits="48"  branch="true"  condition-coverage="100% (2/2)" />
			<line number="165"  hits="47"  branch="true"  condition-coverage="100% (2/2)" />
			<line number="167"  hits="46"  branch="false" />
			<line number="169"  hits="46"  branch="false" />
			<line number="176"  hits="79"  branch="false" />
		</lines>
		</class>
	</classes>
	</package>
	<package name="0.4.24.lib"  line-rate="1"  branch-rate="1" >
	<classes>
		<class name="Packed64x4.sol"  filename="contracts/0.4.24/lib/Packed64x4.sol"  line-rate="1"  branch-rate="1" >
		<methods>
			<method name="get"  hits="6719"  signature="()V" >
				<lines><line number="25"  hits="6719" /></lines>
			</method>
			<method name="set"  hits="2426"  signature="()V" >
				<lines><line number="33"  hits="2426" /></lines>
			</method>
			<method name="add"  hits="723"  signature="()V" >
				<lines><line number="40"  hits="723" /></lines>
			</method>
			<method name="sub"  hits="95"  signature="()V" >
				<lines><line number="46"  hits="95" /></lines>
			</method>
		</methods>
		<lines>
			<line number="26"  hits="6719"  branch="false" />
			<line number="34"  hits="2426"  branch="true"  condition-coverage="100% (2/2)" />
			<line number="35"  hits="2422"  branch="false" />
			<line number="41"  hits="723"  branch="false" />
			<line number="47"  hits="95"  branch="false" />
		</lines>
		</class>
		<class name="SigningKeys.sol"  filename="contracts/0.4.24/lib/SigningKeys.sol"  line-rate="1"  branch-rate="1" >
		<methods>
			<method name="getKeyOffset"  hits="640"  signature="()V" >
				<lines><line number="24"  hits="640" /></lines>
			</method>
			<method name="saveKeysSigs"  hits="53"  signature="()V" >
				<lines><line number="36"  hits="53" /></lines>
			</method>
			<method name="removeKeysSigs"  hits="25"  signature="()V" >
				<lines><line number="90"  hits="25" /></lines>
			</method>
			<method name="loadKeysSigs"  hits="78"  signature="()V" >
				<lines><line number="149"  hits="78" /></lines>
			</method>
			<method name="initKeysSigsBuf"  hits="77"  signature="()V" >
				<lines><line number="176"  hits="77" /></lines>
			</method>
		</methods>
		<lines>
			<line number="25"  hits="640"  branch="false" />
			<line number="44"  hits="53"  branch="true"  condition-coverage="100% (2/2)" />
			<line number="45"  hits="50"  branch="true"  condition-coverage="100% (2/2)" />
			<line number="50"  hits="41"  branch="false" />
			<line number="51"  hits="41"  branch="false" />
			<line number="52"  hits="41"  branch="false" />
			<line number="54"  hits="41"  branch="false" />
			<line number="55"  hits="442"  branch="false" />
			<line number="56"  hits="442"  branch="false" />
			<line number="65"  hits="442"  branch="true"  condition-coverage="100% (2/2)" />
			<line number="66"  hits="438"  branch="false" />
			<line number="78"  hits="438"  branch="false" />
			<line number="80"  hits="37"  branch="false" />
			<line number="97"  hits="25"  branch="true"  condition-coverage="100% (2/2)" />
			<line number="102"  hits="22"  branch="false" />
			<line number="103"  hits="22"  branch="false" />
			<line number="104"  hits="22"  branch="false" />
			<line number="105"  hits="22"  branch="false" />
			<line number="107"  hits="22"  branch="false" />
			<line number="108"  hits="48"  branch="false" />
			<line number="109"  hits="48"  branch="false" />
			<line number="114"  hits="48"  branch="true"  condition-coverage="100% (2/2)" />
			<line number="115"  hits="11"  branch="false" />
			<line number="117"  hits="11"  branch="false" />
			<line number="118"  hits="11"  branch="false" />
			<line number="123"  hits="11"  branch="false" />
			<line number="126"  hits="48"  branch="false" />
			<line number="127"  hits="48"  branch="false" />
			<line number="132"  hits="48"  branch="false" />
			<line number="136"  hits="48"  branch="false" />
			<line number="138"  hits="22"  branch="false" />
			<line number="158"  hits="78"  branch="false" />
			<line number="159"  hits="78"  branch="false" />
			<line number="160"  hits="137"  branch="false" />
			<line number="161"  hits="137"  branch="false" />
			<line number="177"  hits="77"  branch="false" />
		</lines>
		</class>
		<class name="StakeLimitUtils.sol"  filename="contracts/0.4.24/lib/StakeLimitUtils.sol"  line-rate="1"  branch-rate="1" >
		<methods>
			<method name="getStorageStakeLimitStruct"  hits="115"  signature="()V" >
				<lines><line number="66"  hits="115" /></lines>
			</method>
			<method name="setStorageStakeLimitStruct"  hits="65"  signature="()V" >
				<lines><line number="80"  hits="65" /></lines>
			</method>
			<method name="calculateCurrentStakeLimit"  hits="119"  signature="()V" >
				<lines><line number="98"  hits="119" /></lines>
			</method>
			<method name="isStakingPaused"  hits="66"  signature="()V" >
				<lines><line number="116"  hits="66" /></lines>
			</method>
			<method name="isStakingLimitSet"  hits="49"  signature="()V" >
				<lines><line number="123"  hits="49" /></lines>
			</method>
			<method name="setStakingLimit"  hits="16"  signature="()V" >
				<lines><line number="134"  hits="16" /></lines>
			</method>
			<method name="removeStakingLimit"  hits="2"  signature="()V" >
				<lines><line number="176"  hits="2" /></lines>
			</method>
			<method name="updatePrevStakeLimit"  hits="5"  signature="()V" >
				<lines><line number="190"  hits="5" /></lines>
			</method>
			<method name="setStakeLimitPauseState"  hits="54"  signature="()V" >
				<lines><line number="209"  hits="54" /></lines>
			</method>
			<method name="_constGasMin"  hits="124"  signature="()V" >
				<lines><line number="224"  hits="124" /></lines>
			</method>
		</methods>
		<lines>
			<line number="67"  hits="115"  branch="false" />
			<line number="69"  hits="115"  branch="false" />
			<line number="70"  hits="115"  branch="false" />
			<line number="71"  hits="115"  branch="false" />
			<line number="72"  hits="115"  branch="false" />
			<line number="81"  hits="65"  branch="false" />
			<line number="99"  hits="119"  branch="false" />
			<line number="100"  hits="119"  branch="true"  condition-coverage="100% (2/2)" />
			<line number="101"  hits="115"  branch="false" />
			<line number="104"  hits="119"  branch="false" />
			<line number="105"  hits="119"  branch="false" />
			<line number="107"  hits="119"  branch="false" />
			<line number="117"  hits="66"  branch="false" />
			<line number="124"  hits="49"  branch="false" />
			<line number="139"  hits="16"  branch="true"  condition-coverage="100% (2/2)" />
			<line number="140"  hits="15"  branch="true"  condition-coverage="100% (2/2)" />
			<line number="141"  hits="14"  branch="true"  condition-coverage="100% (2/2)" />
			<line number="142"  hits="13"  branch="true"  condition-coverage="100% (2/2)" />
			<line number="149"  hits="12"  branch="true"  condition-coverage="100% (2/2)" />
			<line number="157"  hits="10"  branch="false" />
			<line number="159"  hits="12"  branch="false" />
			<line number="162"  hits="12"  branch="false" />
			<line number="164"  hits="12"  branch="true"  condition-coverage="100% (2/2)" />
			<line number="165"  hits="10"  branch="false" />
			<line number="168"  hits="12"  branch="false" />
			<line number="179"  hits="2"  branch="false" />
			<line number="181"  hits="2"  branch="false" />
			<line number="194"  hits="5"  branch="false" />
			<line number="195"  hits="4"  branch="false" />
			<line number="197"  hits="3"  branch="false" />
			<line number="198"  hits="3"  branch="false" />
			<line number="200"  hits="3"  branch="false" />
			<line number="213"  hits="54"  branch="false" />
			<line number="215"  hits="54"  branch="false" />
			<line number="225"  hits="124"  branch="false" />
			<line number="226"  hits="124"  branch="false" />
			<line number="229"  hits="124"  branch="false" />
		</lines>
		</class>
	</classes>
	</package>
	<package name="0.4.24.nos"  line-rate="1"  branch-rate="1" >
	<classes>
		<class name="NodeOperatorsRegistry.sol"  filename="contracts/0.4.24/nos/NodeOperatorsRegistry.sol"  line-rate="1"  branch-rate="1" >
		<methods>
			<method name="initialize"  hits="8"  signature="()V" >
				<lines><line number="206"  hits="8" /></lines>
			</method>
			<method name="finalizeUpgrade_v2"  hits="8"  signature="()V" >
				<lines><line number="214"  hits="8" /></lines>
			</method>
			<method name="_initialize_v2"  hits="13"  signature="()V" >
				<lines><line number="266"  hits="13" /></lines>
			</method>
			<method name="addNodeOperator"  hits="394"  signature="()V" >
				<lines><line number="287"  hits="394" /></lines>
			</method>
			<method name="activateNodeOperator"  hits="9"  signature="()V" >
				<lines><line number="311"  hits="9" /></lines>
			</method>
			<method name="deactivateNodeOperator"  hits="67"  signature="()V" >
				<lines><line number="327"  hits="67" /></lines>
			</method>
			<method name="setNodeOperatorName"  hits="6"  signature="()V" >
				<lines><line number="359"  hits="6" /></lines>
			</method>
			<method name="setNodeOperatorRewardAddress"  hits="6"  signature="()V" >
				<lines><line number="372"  hits="6" /></lines>
			</method>
			<method name="setNodeOperatorStakingLimit"  hits="20"  signature="()V" >
				<lines><line number="388"  hits="20" /></lines>
			</method>
			<method name="onRewardsMinted"  hits="2"  signature="()V" >
				<lines><line number="416"  hits="2" /></lines>
			</method>
			<method name="_checkReportPayload"  hits="29"  signature="()V" >
				<lines><line number="423"  hits="29" /></lines>
			</method>
			<method name="updateStuckValidatorsCount"  hits="23"  signature="()V" >
				<lines><line number="433"  hits="23" /></lines>
			</method>
			<method name="updateExitedValidatorsCount"  hits="8"  signature="()V" >
				<lines><line number="472"  hits="8" /></lines>
			</method>
			<method name="updateRefundedValidatorsCount"  hits="17"  signature="()V" >
				<lines><line number="507"  hits="17" /></lines>
			</method>
			<method name="onExitedAndStuckValidatorsCountsUpdated"  hits="6"  signature="()V" >
				<lines><line number="521"  hits="6" /></lines>
			</method>
			<method name="unsafeUpdateValidatorsCount"  hits="4"  signature="()V" >
				<lines><line number="533"  hits="4" /></lines>
			</method>
			<method name="_updateExitedValidatorsCount"  hits="9"  signature="()V" >
				<lines><line number="546"  hits="9" /></lines>
			</method>
			<method name="updateTargetValidatorsLimits"  hits="6"  signature="()V" >
				<lines><line number="584"  hits="6" /></lines>
			</method>
			<method name="_updateStuckValidatorsCount"  hits="23"  signature="()V" >
				<lines><line number="603"  hits="23" /></lines>
			</method>
			<method name="_updateRefundValidatorsKeysCount"  hits="15"  signature="()V" >
				<lines><line number="633"  hits="15" /></lines>
			</method>
			<method name="_updateSummaryMaxValidatorsCount"  hits="294"  signature="()V" >
				<lines><line number="658"  hits="294" /></lines>
			</method>
			<method name="onWithdrawalCredentialsChanged"  hits="3"  signature="()V" >
				<lines><line number="675"  hits="3" /></lines>
			</method>
			<method name="invalidateReadyToDepositKeysRange"  hits="4"  signature="()V" >
				<lines><line number="686"  hits="4" /></lines>
			</method>
			<method name="_invalidateReadyToDepositKeysRange"  hits="4"  signature="()V" >
				<lines><line number="691"  hits="4" /></lines>
			</method>
			<method name="obtainDepositData"  hits="6"  signature="()V" >
				<lines><line number="735"  hits="6" /></lines>
			</method>
			<method name="_getNodeOperator"  hits="230"  signature="()V" >
				<lines><line number="759"  hits="230" /></lines>
			</method>
			<method name="_applyNodeOperatorLimits"  hits="294"  signature="()V" >
				<lines><line number="775"  hits="294" /></lines>
			</method>
			<method name="_getSigningKeysAllocationData"  hits="6"  signature="()V" >
				<lines><line number="815"  hits="6" /></lines>
			</method>
			<method name="_loadAllocatedSigningKeys"  hits="3"  signature="()V" >
				<lines><line number="862"  hits="3" /></lines>
			</method>
			<method name="getNodeOperator"  hits="248"  signature="()V" >
				<lines><line number="912"  hits="248" /></lines>
			</method>
			<method name="getRewardsDistribution"  hits="7"  signature="()V" >
				<lines><line number="943"  hits="7" /></lines>
			</method>
			<method name="addSigningKeys"  hits="33"  signature="()V" >
				<lines><line number="1002"  hits="33" /></lines>
			</method>
			<method name="addSigningKeysOperatorBH"  hits="17"  signature="()V" >
				<lines><line number="1016"  hits="17" /></lines>
			</method>
			<method name="_addSigningKeys"  hits="50"  signature="()V" >
				<lines><line number="1022"  hits="50" /></lines>
			</method>
			<method name="removeSigningKey"  hits="11"  signature="()V" >
				<lines><line number="1053"  hits="11" /></lines>
			</method>
			<method name="removeSigningKeys"  hits="19"  signature="()V" >
				<lines><line number="1061"  hits="19" /></lines>
			</method>
			<method name="removeSigningKeyOperatorBH"  hits="11"  signature="()V" >
				<lines><line number="1069"  hits="11" /></lines>
			</method>
			<method name="removeSigningKeysOperatorBH"  hits="15"  signature="()V" >
				<lines><line number="1078"  hits="15" /></lines>
			</method>
			<method name="_removeUnusedSigningKeys"  hits="56"  signature="()V" >
				<lines><line number="1082"  hits="56" /></lines>
			</method>
			<method name="getTotalSigningKeyCount"  hits="7"  signature="()V" >
				<lines><line number="1120"  hits="7" /></lines>
			</method>
			<method name="getUnusedSigningKeyCount"  hits="7"  signature="()V" >
				<lines><line number="1127"  hits="7" /></lines>
			</method>
			<method name="getSigningKey"  hits="55"  signature="()V" >
				<lines><line number="1140"  hits="55" /></lines>
			</method>
			<method name="getSigningKeys"  hits="66"  signature="()V" >
				<lines><line number="1157"  hits="66" /></lines>
			</method>
			<method name="getType"  hits="3"  signature="()V" >
				<lines><line number="1178"  hits="3" /></lines>
			</method>
			<method name="getStakingModuleSummary"  hits="10"  signature="()V" >
				<lines><line number="1182"  hits="10" /></lines>
			</method>
			<method name="getNodeOperatorSummary"  hits="214"  signature="()V" >
				<lines><line number="1193"  hits="214" /></lines>
			</method>
			<method name="_getNodeOperatorValidatorsSummary"  hits="213"  signature="()V" >
				<lines><line number="1221"  hits="213" /></lines>
			</method>
			<method name="_isOperatorPenalized"  hits="339"  signature="()V" >
				<lines><line number="1232"  hits="339" /></lines>
			</method>
			<method name="isOperatorPenalized"  hits="21"  signature="()V" >
				<lines><line number="1237"  hits="21" /></lines>
			</method>
			<method name="isOperatorPenaltyCleared"  hits="309"  signature="()V" >
				<lines><line number="1242"  hits="309" /></lines>
			</method>
			<method name="clearNodeOperatorPenalty"  hits="9"  signature="()V" >
				<lines><line number="1247"  hits="9" /></lines>
			</method>
			<method name="getNodeOperatorsCount"  hits="1610"  signature="()V" >
				<lines><line number="1260"  hits="1610" /></lines>
			</method>
			<method name="getActiveNodeOperatorsCount"  hits="639"  signature="()V" >
				<lines><line number="1265"  hits="639" /></lines>
			</method>
			<method name="getNodeOperatorIsActive"  hits="168"  signature="()V" >
				<lines><line number="1270"  hits="168" /></lines>
			</method>
			<method name="getNodeOperatorIds"  hits="5"  signature="()V" >
				<lines><line number="1275"  hits="5" /></lines>
			</method>
			<method name="getNonce"  hits="144"  signature="()V" >
				<lines><line number="1293"  hits="144" /></lines>
			</method>
			<method name="getKeysOpIndex"  hits="103"  signature="()V" >
				<lines><line number="1306"  hits="103" /></lines>
			</method>
			<method name="_distributeRewards"  hits="5"  signature="()V" >
				<lines><line number="1312"  hits="5" /></lines>
			</method>
			<method name="getLocator"  hits="429"  signature="()V" >
				<lines><line number="1343"  hits="429" /></lines>
			</method>
			<method name="getStuckPenaltyDelay"  hits="18"  signature="()V" >
				<lines><line number="1347"  hits="18" /></lines>
			</method>
			<method name="setStuckPenaltyDelay"  hits="22"  signature="()V" >
				<lines><line number="1351"  hits="22" /></lines>
			</method>
			<method name="_setStuckPenaltyDelay"  hits="32"  signature="()V" >
				<lines><line number="1358"  hits="32" /></lines>
			</method>
			<method name="_increaseValidatorsKeysNonce"  hits="183"  signature="()V" >
				<lines><line number="1364"  hits="183" /></lines>
			</method>
			<method name="_loadSummarySigningKeysStats"  hits="316"  signature="()V" >
				<lines><line number="1372"  hits="316" /></lines>
			</method>
			<method name="_saveSummarySigningKeysStats"  hits="309"  signature="()V" >
				<lines><line number="1376"  hits="309" /></lines>
			</method>
			<method name="_loadOperatorTargetValidatorsStats"  hits="745"  signature="()V" >
				<lines><line number="1380"  hits="745" /></lines>
			</method>
			<method name="_saveOperatorTargetValidatorsStats"  hits="96"  signature="()V" >
				<lines><line number="1384"  hits="96" /></lines>
			</method>
			<method name="_loadOperatorStuckPenaltyStats"  hits="597"  signature="()V" >
				<lines><line number="1388"  hits="597" /></lines>
			</method>
			<method name="_saveOperatorStuckPenaltyStats"  hits="39"  signature="()V" >
				<lines><line number="1392"  hits="39" /></lines>
			</method>
			<method name="_loadOperatorSigningKeysStats"  hits="1069"  signature="()V" >
				<lines><line number="1396"  hits="1069" /></lines>
			</method>
			<method name="_saveOperatorSigningKeysStats"  hits="127"  signature="()V" >
				<lines><line number="1400"  hits="127" /></lines>
			</method>
			<method name="_requireAuth"  hits="688"  signature="()V" >
				<lines><line number="1404"  hits="688" /></lines>
			</method>
			<method name="_requireNotSameValue"  hits="4"  signature="()V" >
				<lines><line number="1408"  hits="4" /></lines>
			</method>
			<method name="_requireValidRange"  hits="1062"  signature="()V" >
				<lines><line number="1412"  hits="1062" /></lines>
			</method>
			<method name="_onlyCorrectNodeOperatorState"  hits="90"  signature="()V" >
				<lines><line number="1416"  hits="90" /></lines>
			</method>
			<method name="_auth"  hits="569"  signature="()V" >
				<lines><line number="1420"  hits="569" /></lines>
			</method>
			<method name="_authP"  hits="19"  signature="()V" >
				<lines><line number="1424"  hits="19" /></lines>
			</method>
			<method name="_onlyNodeOperatorManager"  hits="100"  signature="()V" >
				<lines><line number="1428"  hits="100" /></lines>
			</method>
			<method name="_onlyExistedNodeOperator"  hits="791"  signature="()V" >
				<lines><line number="1434"  hits="791" /></lines>
			</method>
			<method name="_onlyValidNodeOperatorName"  hits="400"  signature="()V" >
				<lines><line number="1438"  hits="400" /></lines>
			</method>
			<method name="_onlyValidRewardAddress"  hits="398"  signature="()V" >
				<lines><line number="1442"  hits="398" /></lines>
			</method>
			<method name="_onlyNonZeroAddress"  hits="411"  signature="()V" >
				<lines><line number="1449"  hits="411" /></lines>
			</method>
		</methods>
		<lines>
			<line number="208"  hits="8"  branch="false" />
			<line number="209"  hits="7"  branch="false" />
			<line number="215"  hits="8"  branch="true"  condition-coverage="100% (2/2)" />
			<line number="216"  hits="7"  branch="false" />
			<line number="217"  hits="5"  branch="false" />
			<line number="219"  hits="4"  branch="false" />
			<line number="220"  hits="4"  branch="false" />
			<line number="221"  hits="4"  branch="false" />
			<line number="222"  hits="4"  branch="false" />
			<line number="223"  hits="4"  branch="false" />
			<line number="224"  hits="4"  branch="false" />
			<line number="225"  hits="4"  branch="false" />
			<line number="226"  hits="4"  branch="false" />
			<line number="227"  hits="4"  branch="false" />
			<line number="228"  hits="4"  branch="false" />
			<line number="229"  hits="4"  branch="false" />
			<line number="230"  hits="4"  branch="false" />
			<line number="232"  hits="4"  branch="false" />
			<line number="233"  hits="4"  branch="true"  condition-coverage="100% (2/2)" />
			<line number="235"  hits="1"  branch="false" />
			<line number="237"  hits="3"  branch="false" />
			<line number="243"  hits="4"  branch="true"  condition-coverage="100% (2/2)" />
			<line number="244"  hits="3"  branch="false" />
			<line number="245"  hits="3"  branch="false" />
			<line number="246"  hits="3"  branch="false" />
			<line number="249"  hits="4"  branch="false" />
			<line number="250"  hits="4"  branch="false" />
			<line number="251"  hits="4"  branch="false" />
			<line number="253"  hits="4"  branch="false" />
			<line number="254"  hits="4"  branch="false" />
			<line number="255"  hits="4"  branch="false" />
			<line number="259"  hits="4"  branch="false" />
			<line number="262"  hits="4"  branch="false" />
			<line number="263"  hits="4"  branch="false" />
			<line number="267"  hits="13"  branch="false" />
			<line number="268"  hits="11"  branch="false" />
			<line number="269"  hits="11"  branch="false" />
			<line number="271"  hits="11"  branch="false" />
			<line number="273"  hits="11"  branch="false" />
			<line number="277"  hits="11"  branch="false" />
			<line number="279"  hits="11"  branch="false" />
			<line number="280"  hits="11"  branch="false" />
			<line number="288"  hits="394"  branch="false" />
			<line number="289"  hits="392"  branch="false" />
			<line number="290"  hits="390"  branch="false" />
			<line number="292"  hits="389"  branch="false" />
			<line number="293"  hits="389"  branch="true"  condition-coverage="100% (2/2)" />
			<line number="295"  hits="388"  branch="false" />
			<line number="297"  hits="388"  branch="false" />
			<line number="299"  hits="388"  branch="false" />
			<line number="300"  hits="388"  branch="false" />
			<line number="302"  hits="388"  branch="false" />
			<line number="303"  hits="388"  branch="false" />
			<line number="304"  hits="388"  branch="false" />
			<line number="306"  hits="388"  branch="false" />
			<line number="312"  hits="9"  branch="false" />
			<line number="313"  hits="8"  branch="false" />
			<line number="315"  hits="7"  branch="false" />
			<line number="317"  hits="6"  branch="false" />
			<line number="319"  hits="6"  branch="false" />
			<line number="321"  hits="6"  branch="false" />
			<line number="322"  hits="6"  branch="false" />
			<line number="328"  hits="67"  branch="false" />
			<line number="329"  hits="66"  branch="false" />
			<line number="331"  hits="65"  branch="false" />
			<line number="333"  hits="64"  branch="false" />
			<line number="334"  hits="64"  branch="false" />
			<line number="336"  hits="64"  branch="false" />
			<line number="338"  hits="64"  branch="false" />
			<line number="340"  hits="64"  branch="false" />
			<line number="341"  hits="64"  branch="false" />
			<line number="342"  hits="64"  branch="false" />
			<line number="345"  hits="64"  branch="true"  condition-coverage="100% (2/2)" />
			<line number="346"  hits="36"  branch="false" />
			<line number="347"  hits="36"  branch="false" />
			<line number="349"  hits="36"  branch="false" />
			<line number="351"  hits="36"  branch="false" />
			<line number="353"  hits="64"  branch="false" />
			<line number="360"  hits="6"  branch="false" />
			<line number="361"  hits="4"  branch="false" />
			<line number="362"  hits="3"  branch="false" />
			<line number="364"  hits="2"  branch="false" />
			<line number="365"  hits="1"  branch="false" />
			<line number="366"  hits="1"  branch="false" />
			<line number="373"  hits="6"  branch="false" />
			<line number="374"  hits="4"  branch="false" />
			<line number="375"  hits="3"  branch="false" />
			<line number="377"  hits="2"  branch="false" />
			<line number="378"  hits="1"  branch="false" />
			<line number="379"  hits="1"  branch="false" />
			<line number="389"  hits="20"  branch="false" />
			<line number="390"  hits="19"  branch="false" />
			<line number="391"  hits="18"  branch="false" />
			<line number="393"  hits="17"  branch="false" />
			<line number="394"  hits="17"  branch="false" />
			<line number="395"  hits="17"  branch="false" />
			<line number="396"  hits="17"  branch="false" />
			<line number="398"  hits="17"  branch="false" />
			<line number="402"  hits="17"  branch="true"  condition-coverage="100% (2/2)" />
			<line number="403"  hits="1"  branch="false" />
			<line number="406"  hits="16"  branch="false" />
			<line number="407"  hits="16"  branch="false" />
			<line number="409"  hits="16"  branch="false" />
			<line number="411"  hits="16"  branch="false" />
			<line number="412"  hits="16"  branch="false" />
			<line number="417"  hits="2"  branch="false" />
			<line number="424"  hits="29"  branch="false" />
			<line number="425"  hits="29"  branch="true"  condition-coverage="100% (2/2)" />
			<line number="434"  hits="23"  branch="false" />
			<line number="435"  hits="22"  branch="false" />
			<line number="436"  hits="21"  branch="false" />
			<line number="438"  hits="21"  branch="false" />
			<line number="439"  hits="21"  branch="false" />
			<line number="440"  hits="21"  branch="false" />
			<line number="441"  hits="21"  branch="false" />
			<line number="450"  hits="21"  branch="false" />
			<line number="454"  hits="21"  branch="false" />
			<line number="456"  hits="21"  branch="false" />
			<line number="461"  hits="21"  branch="false" />
			<line number="462"  hits="21"  branch="false" />
			<line number="464"  hits="21"  branch="false" />
			<line number="478"  hits="8"  branch="false" />
			<line number="479"  hits="7"  branch="false" />
			<line number="480"  hits="7"  branch="false" />
			<line number="482"  hits="7"  branch="false" />
			<line number="483"  hits="7"  branch="false" />
			<line number="484"  hits="7"  branch="false" />
			<line number="485"  hits="7"  branch="false" />
			<line number="487"  hits="7"  branch="false" />
			<line number="491"  hits="7"  branch="false" />
			<line number="493"  hits="7"  branch="false" />
			<line number="498"  hits="7"  branch="false" />
			<line number="499"  hits="7"  branch="false" />
			<line number="501"  hits="6"  branch="false" />
			<line number="508"  hits="17"  branch="false" />
			<line number="509"  hits="16"  branch="false" />
			<line number="511"  hits="15"  branch="false" />
			<line number="522"  hits="6"  branch="false" />
			<line number="525"  hits="5"  branch="false" />
			<line number="538"  hits="4"  branch="false" />
			<line number="539"  hits="3"  branch="false" />
			<line number="541"  hits="2"  branch="false" />
			<line number="542"  hits="2"  branch="false" />
			<line number="543"  hits="2"  branch="false" />
			<line number="549"  hits="9"  branch="false" />
			<line number="550"  hits="9"  branch="false" />
			<line number="551"  hits="9"  branch="true"  condition-coverage="100% (2/2)" />
			<line number="552"  hits="8"  branch="true"  condition-coverage="100% (2/2)" />
			<line number="557"  hits="7"  branch="false" />
			<line number="558"  hits="7"  branch="false" />
			<line number="562"  hits="7"  branch="false" />
			<line number="563"  hits="7"  branch="false" />
			<line number="565"  hits="7"  branch="false" />
			<line number="566"  hits="7"  branch="false" />
			<line number="567"  hits="7"  branch="false" />
			<line number="569"  hits="7"  branch="false" />
			<line number="570"  hits="7"  branch="false" />
			<line number="571"  hits="7"  branch="true"  condition-coverage="100% (2/2)" />
			<line number="572"  hits="6"  branch="false" />
			<line number="574"  hits="1"  branch="false" />
			<line number="576"  hits="7"  branch="false" />
			<line number="577"  hits="7"  branch="false" />
			<line number="585"  hits="6"  branch="false" />
			<line number="586"  hits="6"  branch="false" />
			<line number="587"  hits="5"  branch="false" />
			<line number="589"  hits="4"  branch="false" />
			<line number="590"  hits="4"  branch="false" />
			<line number="591"  hits="4"  branch="false" />
			<line number="592"  hits="4"  branch="false" />
			<line number="594"  hits="4"  branch="false" />
			<line number="596"  hits="4"  branch="false" />
			<line number="597"  hits="4"  branch="false" />
			<line number="604"  hits="23"  branch="false" />
			<line number="605"  hits="23"  branch="false" />
			<line number="606"  hits="23"  branch="true"  condition-coverage="100% (2/2)" />
			<line number="608"  hits="21"  branch="false" />
			<line number="609"  hits="21"  branch="false" />
			<line number="610"  hits="21"  branch="false" />
			<line number="613"  hits="21"  branch="false" />
			<line number="614"  hits="21"  branch="false" />
			<line number="616"  hits="21"  branch="false" />
			<line number="617"  hits="21"  branch="true"  condition-coverage="100% (2/2)" />
			<line number="618"  hits="1"  branch="false" />
			<line number="621"  hits="21"  branch="false" />
			<line number="622"  hits="21"  branch="false" />
			<line number="623"  hits="21"  branch="false" />
			<line number="630"  hits="21"  branch="false" />
			<line number="634"  hits="15"  branch="false" />
			<line number="635"  hits="15"  branch="false" />
			<line number="636"  hits="15"  branch="true"  condition-coverage="100% (2/2)" />
			<line number="638"  hits="14"  branch="false" />
			<line number="639"  hits="14"  branch="false" />
			<line number="641"  hits="14"  branch="false" />
			<line number="642"  hits="14"  branch="true"  condition-coverage="100% (2/2)" />
			<line number="643"  hits="8"  branch="false" />
			<line number="646"  hits="14"  branch="false" />
			<line number="647"  hits="14"  branch="false" />
			<line number="648"  hits="14"  branch="false" />
			<line number="654"  hits="14"  branch="false" />
			<line number="659"  hits="294"  branch="false" />
			<line number="661"  hits="294"  branch="true"  condition-coverage="100% (2/2)" />
			<line number="663"  hits="88"  branch="false" />
			<line number="665"  hits="88"  branch="false" />
			<line number="666"  hits="88"  branch="true"  condition-coverage="100% (2/2)" />
			<line number="667"  hits="18"  branch="false" />
			<line number="669"  hits="70"  branch="false" />
			<line number="671"  hits="88"  branch="false" />
			<line number="676"  hits="3"  branch="false" />
			<line number="677"  hits="2"  branch="false" />
			<line number="678"  hits="2"  branch="true"  condition-coverage="100% (2/2)" />
			<line number="679"  hits="1"  branch="false" />
			<line number="687"  hits="4"  branch="false" />
			<line number="688"  hits="3"  branch="false" />
			<line number="692"  hits="4"  branch="false" />
			<line number="694"  hits="3"  branch="false" />
			<line number="695"  hits="3"  branch="false" />
			<line number="696"  hits="3"  branch="false" />
			<line number="697"  hits="3"  branch="false" />
			<line number="698"  hits="3"  branch="false" />
			<line number="699"  hits="3"  branch="false" />
			<line number="700"  hits="5"  branch="false" />
			<line number="702"  hits="5"  branch="false" />
			<line number="703"  hits="5"  branch="false" />
			<line number="705"  hits="5"  branch="true"  condition-coverage="100% (2/2)" />
			<line number="706"  hits="4"  branch="false" />
			<line number="708"  hits="4"  branch="false" />
			<line number="709"  hits="4"  branch="false" />
			<line number="711"  hits="4"  branch="false" />
			<line number="712"  hits="4"  branch="false" />
			<line number="713"  hits="4"  branch="false" />
			<line number="715"  hits="4"  branch="false" />
			<line number="717"  hits="4"  branch="false" />
			<line number="718"  hits="4"  branch="false" />
			<line number="719"  hits="4"  branch="false" />
			<line number="722"  hits="3"  branch="true"  condition-coverage="100% (2/2)" />
			<line number="723"  hits="2"  branch="false" />
			<line number="724"  hits="2"  branch="false" />
			<line number="725"  hits="2"  branch="false" />
			<line number="726"  hits="2"  branch="false" />
			<line number="739"  hits="6"  branch="false" />
			<line number="741"  hits="5"  branch="true"  condition-coverage="100% (2/2)" />
			<line number="743"  hits="4"  branch="false" />
			<line number="749"  hits="4"  branch="true"  condition-coverage="100% (2/2)" />
			<line number="751"  hits="2"  branch="false" />
			<line number="756"  hits="2"  branch="false" />
			<line number="764"  hits="230"  branch="false" />
			<line number="765"  hits="230"  branch="false" />
			<line number="767"  hits="230"  branch="false" />
			<line number="768"  hits="230"  branch="false" />
			<line number="769"  hits="230"  branch="false" />
			<line number="772"  hits="230"  branch="false" />
			<line number="779"  hits="294"  branch="false" />
			<line number="780"  hits="294"  branch="false" />
			<line number="782"  hits="294"  branch="false" />
			<line number="786"  hits="294"  branch="false" />
			<line number="788"  hits="294"  branch="true"  condition-coverage="100% (2/2)" />
			<line number="790"  hits="32"  branch="false" />
			<line number="793"  hits="2"  branch="false" />
			<line number="808"  hits="294"  branch="false" />
			<line number="809"  hits="294"  branch="true"  condition-coverage="100% (2/2)" />
			<line number="810"  hits="88"  branch="false" />
			<line number="811"  hits="88"  branch="false" />
			<line number="820"  hits="6"  branch="false" />
			<line number="821"  hits="6"  branch="false" />
			<line number="822"  hits="6"  branch="false" />
			<line number="823"  hits="6"  branch="false" />
			<line number="825"  hits="6"  branch="false" />
			<line number="826"  hits="6"  branch="false" />
			<line number="827"  hits="6"  branch="false" />
			<line number="828"  hits="6"  branch="false" />
			<line number="829"  hits="6"  branch="false" />
			<line number="831"  hits="6"  branch="false" />
			<line number="832"  hits="17"  branch="false" />
			<line number="836"  hits="17"  branch="true"  condition-coverage="100% (2/2)" />
			<line number="838"  hits="6"  branch="false" />
			<line number="839"  hits="6"  branch="false" />
			<line number="840"  hits="6"  branch="false" />
			<line number="841"  hits="6"  branch="false" />
			<line number="844"  hits="6"  branch="true"  condition-coverage="100% (2/2)" />
			<line number="847"  hits="4"  branch="true"  condition-coverage="100% (2/2)" />
			<line number="848"  hits="3"  branch="false" />
			<line number="855"  hits="4"  branch="false" />
			<line number="859"  hits="4"  branch="false" />
			<line number="867"  hits="3"  branch="false" />
			<line number="869"  hits="3"  branch="false" />
			<line number="870"  hits="3"  branch="false" />
			<line number="871"  hits="3"  branch="false" />
			<line number="872"  hits="3"  branch="false" />
			<line number="873"  hits="3"  branch="false" />
			<line number="874"  hits="3"  branch="false" />
			<line number="875"  hits="5"  branch="false" />
			<line number="876"  hits="5"  branch="false" />
			<line number="877"  hits="5"  branch="false" />
			<line number="880"  hits="5"  branch="true"  condition-coverage="100% (2/2)" />
			<line number="888"  hits="4"  branch="false" />
			<line number="890"  hits="4"  branch="false" />
			<line number="891"  hits="4"  branch="false" />
			<line number="894"  hits="4"  branch="false" />
			<line number="896"  hits="4"  branch="false" />
			<line number="897"  hits="4"  branch="false" />
			<line number="898"  hits="4"  branch="false" />
			<line number="899"  hits="4"  branch="false" />
			<line number="902"  hits="3"  branch="false" />
			<line number="904"  hits="3"  branch="false" />
			<line number="905"  hits="3"  branch="false" />
			<line number="906"  hits="3"  branch="false" />
			<line number="925"  hits="248"  branch="false" />
			<line number="927"  hits="247"  branch="false" />
			<line number="929"  hits="247"  branch="false" />
			<line number="930"  hits="247"  branch="false" />
			<line number="931"  hits="247"  branch="true"  condition-coverage="100% (2/2)" />
			<line number="933"  hits="247"  branch="false" />
			<line number="935"  hits="247"  branch="false" />
			<line number="936"  hits="247"  branch="false" />
			<line number="937"  hits="247"  branch="false" />
			<line number="938"  hits="247"  branch="false" />
			<line number="948"  hits="7"  branch="false" />
			<line number="950"  hits="7"  branch="false" />
			<line number="951"  hits="7"  branch="false" />
			<line number="952"  hits="7"  branch="false" />
			<line number="953"  hits="7"  branch="false" />
			<line number="954"  hits="7"  branch="false" />
			<line number="956"  hits="7"  branch="false" />
			<line number="957"  hits="7"  branch="false" />
			<line number="958"  hits="7"  branch="false" />
			<line number="959"  hits="11"  branch="true"  condition-coverage="100% (2/2)" />
			<line number="961"  hits="10"  branch="false" />
			<line number="962"  hits="10"  branch="false" />
			<line number="963"  hits="10"  branch="false" />
			<line number="966"  hits="10"  branch="false" />
			<line number="967"  hits="10"  branch="false" />
			<line number="971"  hits="10"  branch="false" />
			<line number="973"  hits="10"  branch="false" />
			<line number="975"  hits="10"  branch="false" />
			<line number="976"  hits="10"  branch="false" />
			<line number="978"  hits="10"  branch="false" />
			<line number="981"  hits="7"  branch="true"  condition-coverage="100% (2/2)" />
			<line number="983"  hits="6"  branch="false" />
			<line number="987"  hits="6"  branch="false" />
			<line number="990"  hits="6"  branch="false" />
			<line number="1003"  hits="33"  branch="false" />
			<line number="1019"  hits="17"  branch="false" />
			<line number="1023"  hits="50"  branch="false" />
			<line number="1024"  hits="48"  branch="false" />
			<line number="1026"  hits="38"  branch="false" />
			<line number="1028"  hits="32"  branch="false" />
			<line number="1029"  hits="32"  branch="false" />
			<line number="1031"  hits="32"  branch="false" />
			<line number="1033"  hits="30"  branch="false" />
			<line number="1036"  hits="22"  branch="false" />
			<line number="1038"  hits="22"  branch="false" />
			<line number="1039"  hits="22"  branch="false" />
			<line number="1042"  hits="22"  branch="false" />
			<line number="1043"  hits="22"  branch="false" />
			<line number="1044"  hits="20"  branch="false" />
			<line number="1046"  hits="20"  branch="false" />
			<line number="1054"  hits="11"  branch="false" />
			<line number="1062"  hits="19"  branch="false" />
			<line number="1070"  hits="11"  branch="false" />
			<line number="1079"  hits="15"  branch="false" />
			<line number="1083"  hits="56"  branch="false" />
			<line number="1084"  hits="52"  branch="false" />
			<line number="1087"  hits="32"  branch="true"  condition-coverage="100% (2/2)" />
			<line number="1089"  hits="26"  branch="false" />
			<line number="1090"  hits="26"  branch="false" />
			<line number="1092"  hits="26"  branch="false" />
			<line number="1097"  hits="20"  branch="false" />
			<line number="1099"  hits="20"  branch="false" />
			<line number="1100"  hits="20"  branch="false" />
			<line number="1102"  hits="20"  branch="false" />
			<line number="1103"  hits="20"  branch="true"  condition-coverage="100% (2/2)" />
			<line number="1105"  hits="8"  branch="false" />
			<line number="1106"  hits="8"  branch="false" />
			<line number="1108"  hits="20"  branch="false" />
			<line number="1111"  hits="20"  branch="false" />
			<line number="1112"  hits="20"  branch="false" />
			<line number="1113"  hits="20"  branch="false" />
			<line number="1114"  hits="20"  branch="false" />
			<line number="1116"  hits="20"  branch="false" />
			<line number="1121"  hits="7"  branch="false" />
			<line number="1122"  hits="6"  branch="false" />
			<line number="1123"  hits="6"  branch="false" />
			<line number="1128"  hits="7"  branch="false" />
			<line number="1130"  hits="6"  branch="false" />
			<line number="1131"  hits="6"  branch="false" />
			<line number="1145"  hits="55"  branch="false" />
			<line number="1146"  hits="55"  branch="false" />
			<line number="1147"  hits="50"  branch="false" />
			<line number="1162"  hits="66"  branch="false" />
			<line number="1164"  hits="64"  branch="false" />
			<line number="1165"  hits="64"  branch="false" />
			<line number="1167"  hits="55"  branch="false" />
			<line number="1168"  hits="55"  branch="false" />
			<line number="1169"  hits="55"  branch="false" />
			<line number="1171"  hits="55"  branch="false" />
			<line number="1172"  hits="55"  branch="false" />
			<line number="1173"  hits="54"  branch="false" />
			<line number="1179"  hits="3"  branch="false" />
			<line number="1187"  hits="10"  branch="false" />
			<line number="1188"  hits="10"  branch="false" />
			<line number="1189"  hits="10"  branch="false" />
			<line number="1190"  hits="10"  branch="false" />
			<line number="1206"  hits="214"  branch="false" />
			<line number="1208"  hits="213"  branch="false" />
			<line number="1209"  hits="213"  branch="false" />
			<line number="1211"  hits="213"  branch="false" />
			<line number="1212"  hits="213"  branch="false" />
			<line number="1213"  hits="213"  branch="false" />
			<line number="1214"  hits="213"  branch="false" />
			<line number="1215"  hits="213"  branch="false" />
			<line number="1217"  hits="213"  branch="false" />
			<line number="1226"  hits="213"  branch="false" />
			<line number="1227"  hits="213"  branch="false" />
			<line number="1229"  hits="213"  branch="false" />
			<line number="1233"  hits="339"  branch="true"  condition-coverage="100% (2/2)" />
			<line number="1238"  hits="21"  branch="false" />
			<line number="1239"  hits="21"  branch="false" />
			<line number="1243"  hits="309"  branch="false" />
			<line number="1244"  hits="309"  branch="false" />
			<line number="1248"  hits="9"  branch="false" />
			<line number="1249"  hits="9"  branch="true"  condition-coverage="100% (2/2)" />
			<line number="1253"  hits="4"  branch="false" />
			<line number="1254"  hits="4"  branch="false" />
			<line number="1255"  hits="4"  branch="false" />
			<line number="1256"  hits="4"  branch="false" />
			<line number="1261"  hits="1610"  branch="false" />
			<line number="1266"  hits="639"  branch="false" />
			<line number="1271"  hits="168"  branch="false" />
			<line number="1279"  hits="5"  branch="false" />
			<line number="1280"  hits="5"  branch="true"  condition-coverage="100% (4/4)" />
			<line number="1281"  hits="2"  branch="false" />
			<line number="1282"  hits="2"  branch="false" />
			<line number="1283"  hits="2"  branch="false" />
			<line number="1294"  hits="144"  branch="false" />
			<line number="1307"  hits="103"  branch="false" />
			<line number="1313"  hits="5"  branch="false" />
			<line number="1315"  hits="5"  branch="false" />
			<line number="1316"  hits="5"  branch="true"  condition-coverage="100% (2/2)" />
			<line number="1317"  hits="2"  branch="false" />
			<line number="1320"  hits="3"  branch="false" />
			<line number="1323"  hits="3"  branch="false" />
			<line number="1324"  hits="3"  branch="false" />
			<line number="1326"  hits="6"  branch="true"  condition-coverage="100% (2/2)" />
			<line number="1327"  hits="4"  branch="true"  condition-coverage="100% (2/2)" />
			<line number="1330"  hits="1"  branch="false" />
			<line number="1331"  hits="1"  branch="false" />
			<line number="1332"  hits="1"  branch="false" />
			<line number="1334"  hits="4"  branch="false" />
			<line number="1335"  hits="4"  branch="false" />
			<line number="1336"  hits="4"  branch="false" />
			<line number="1338"  hits="3"  branch="true"  condition-coverage="100% (2/2)" />
			<line number="1339"  hits="1"  branch="false" />
			<line number="1344"  hits="429"  branch="false" />
			<line number="1348"  hits="18"  branch="false" />
			<line number="1352"  hits="22"  branch="false" />
			<line number="1354"  hits="21"  branch="false" />
			<line number="1359"  hits="32"  branch="false" />
			<line number="1360"  hits="31"  branch="false" />
			<line number="1361"  hits="31"  branch="false" />
			<line number="1365"  hits="183"  branch="false" />
			<line number="1366"  hits="183"  branch="false" />
			<line number="1368"  hits="183"  branch="false" />
			<line number="1369"  hits="183"  branch="false" />
			<line number="1373"  hits="316"  branch="false" />
			<line number="1377"  hits="309"  branch="false" />
			<line number="1381"  hits="745"  branch="false" />
			<line number="1385"  hits="96"  branch="false" />
			<line number="1389"  hits="597"  branch="false" />
			<line number="1393"  hits="39"  branch="false" />
			<line number="1397"  hits="1069"  branch="false" />
			<line number="1401"  hits="127"  branch="false" />
			<line number="1405"  hits="688"  branch="true"  condition-coverage="100% (2/2)" />
			<line number="1409"  hits="4"  branch="true"  condition-coverage="100% (2/2)" />
			<line number="1413"  hits="1062"  branch="true"  condition-coverage="100% (2/2)" />
			<line number="1417"  hits="90"  branch="true"  condition-coverage="100% (2/2)" />
			<line number="1421"  hits="569"  branch="false" />
			<line number="1425"  hits="19"  branch="false" />
			<line number="1429"  hits="100"  branch="false" />
			<line number="1430"  hits="100"  branch="false" />
			<line number="1431"  hits="100"  branch="false" />
			<line number="1435"  hits="791"  branch="false" />
			<line number="1439"  hits="400"  branch="true"  condition-coverage="100% (2/2)" />
			<line number="1443"  hits="398"  branch="false" />
			<line number="1446"  hits="396"  branch="true"  condition-coverage="100% (2/2)" />
			<line number="1450"  hits="411"  branch="true"  condition-coverage="100% (2/2)" />
		</lines>
		</class>
	</classes>
	</package>
	<package name="0.4.24.oracle"  line-rate="1"  branch-rate="1" >
	<classes>
		<class name="LegacyOracle.sol"  filename="contracts/0.4.24/oracle/LegacyOracle.sol"  line-rate="1"  branch-rate="1" >
		<methods>
			<method name="getLido"  hits="5"  signature="()V" >
				<lines><line number="113"  hits="5" /></lines>
			</method>
			<method name="getAccountingOracle"  hits="9"  signature="()V" >
				<lines><line number="120"  hits="9" /></lines>
			</method>
			<method name="getVersion"  hits="3"  signature="()V" >
				<lines><line number="131"  hits="3" /></lines>
			</method>
			<method name="getBeaconSpec"  hits="2"  signature="()V" >
				<lines><line number="140"  hits="2" /></lines>
			</method>
			<method name="getCurrentEpochId"  hits="21"  signature="()V" >
				<lines><line number="164"  hits="21" /></lines>
			</method>
			<method name="getCurrentFrame"  hits="2"  signature="()V" >
				<lines><line number="176"  hits="2" /></lines>
			</method>
			<method name="getLastCompletedEpochId"  hits="48"  signature="()V" >
				<lines><line number="194"  hits="48" /></lines>
			</method>
			<method name="getLastCompletedReportDelta"  hits="3"  signature="()V" >
				<lines><line number="209"  hits="3" /></lines>
			</method>
			<method name="handlePostTokenRebase"  hits="3"  signature="()V" >
				<lines><line number="230"  hits="3" /></lines>
			</method>
			<method name="handleConsensusLayerReport"  hits="3"  signature="()V" >
				<lines><line number="253"  hits="3" /></lines>
			</method>
			<method name="initialize"  hits="27"  signature="()V" >
				<lines><line number="273"  hits="27" /></lines>
			</method>
			<method name="finalizeUpgrade_v4"  hits="3"  signature="()V" >
				<lines><line number="298"  hits="3" /></lines>
			</method>
			<method name="_initialize_v4"  hits="27"  signature="()V" >
				<lines><line number="319"  hits="27" /></lines>
			</method>
			<method name="_getTime"  hits="1"  signature="()V" >
				<lines><line number="328"  hits="1" /></lines>
			</method>
			<method name="_getChainSpec"  hits="43"  signature="()V" >
				<lines><line number="332"  hits="43" /></lines>
			</method>
			<method name="_setChainSpec"  hits="45"  signature="()V" >
				<lines><line number="345"  hits="45" /></lines>
			</method>
			<method name="_getAccountingOracleChainSpec"  hits="27"  signature="()V" >
				<lines><line number="361"  hits="27" /></lines>
			</method>
			<method name="_getCurrentFrameFromAccountingOracle"  hits="2"  signature="()V" >
				<lines><line number="376"  hits="2" /></lines>
			</method>
			<method name="_getAccountingConsensusContract"  hits="4"  signature="()V" >
				<lines><line number="398"  hits="4" /></lines>
			</method>
		</methods>
		<lines>
			<line number="114"  hits="5"  branch="false" />
			<line number="121"  hits="9"  branch="false" />
			<line number="132"  hits="3"  branch="false" />
			<line number="150"  hits="2"  branch="false" />
			<line number="151"  hits="2"  branch="false" />
			<line number="153"  hits="2"  branch="false" />
			<line number="154"  hits="2"  branch="false" />
			<line number="155"  hits="2"  branch="false" />
			<line number="156"  hits="2"  branch="false" />
			<line number="165"  hits="21"  branch="false" />
			<line number="167"  hits="21"  branch="false" />
			<line number="185"  hits="2"  branch="false" />
			<line number="195"  hits="48"  branch="false" />
			<line number="218"  hits="3"  branch="false" />
			<line number="219"  hits="3"  branch="false" />
			<line number="220"  hits="3"  branch="false" />
			<line number="241"  hits="3"  branch="true"  condition-coverage="100% (2/2)" />
			<line number="243"  hits="2"  branch="false" />
			<line number="244"  hits="2"  branch="false" />
			<line number="245"  hits="2"  branch="false" />
			<line number="247"  hits="2"  branch="false" />
			<line number="256"  hits="3"  branch="true"  condition-coverage="100% (2/2)" />
			<line number="259"  hits="2"  branch="false" />
			<line number="260"  hits="2"  branch="false" />
			<line number="262"  hits="2"  branch="false" />
			<line number="275"  hits="27"  branch="false" />
[...]
			<line number="320"  hits="4"  branch="false" />
			<line number="329"  hits="2"  branch="false" />
			<line number="330"  hits="2"  branch="false" />
			<line number="331"  hits="2"  branch="false" />
			<line number="367"  hits="31"  branch="false" />
			<line number="373"  hits="31"  branch="true"  condition-coverage="100% (2/2)" />
			<line number="374"  hits="15"  branch="false" />
			<line number="376"  hits="16"  branch="false" />
			<line number="379"  hits="31"  branch="false" />
			<line number="380"  hits="31"  branch="false" />
			<line number="387"  hits="31"  branch="false" />
			<line number="390"  hits="31"  branch="false" />
			<line number="392"  hits="31"  branch="false" />
			<line number="419"  hits="12"  branch="false" />
			<line number="421"  hits="12"  branch="false" />
			<line number="423"  hits="12"  branch="false" />
			<line number="425"  hits="11"  branch="false" />
			<line number="427"  hits="11"  branch="false" />
			<line number="430"  hits="10"  branch="false" />
			<line number="433"  hits="9"  branch="false" />
			<line number="436"  hits="8"  branch="false" />
			<line number="439"  hits="7"  branch="true"  condition-coverage="100% (2/2)" />
			<line number="440"  hits="3"  branch="false" />
			<line number="450"  hits="6"  branch="false" />
			<line number="451"  hits="6"  branch="true"  condition-coverage="100% (2/2)" />
			<line number="452"  hits="3"  branch="false" />
			<line number="462"  hits="58"  branch="false" />
			<line number="463"  hits="58"  branch="true"  condition-coverage="100% (2/2)" />
			<line number="464"  hits="3"  branch="false" />
			<line number="476"  hits="19"  branch="false" />
			<line number="477"  hits="19"  branch="true"  condition-coverage="100% (2/2)" />
			<line number="478"  hits="2"  branch="false" />
			<line number="488"  hits="62"  branch="false" />
			<line number="489"  hits="62"  branch="true"  condition-coverage="100% (2/2)" />
			<line number="490"  hits="2"  branch="false" />
			<line number="504"  hits="2"  branch="false" />
			<line number="505"  hits="2"  branch="false" />
			<line number="507"  hits="2"  branch="false" />
			<line number="523"  hits="4"  branch="false" />
			<line number="528"  hits="4"  branch="false" />
			<line number="540"  hits="12"  branch="true"  condition-coverage="100% (2/2)" />
			<line number="541"  hits="1"  branch="false" />
			<line number="549"  hits="11"  branch="true"  condition-coverage="100% (2/2)" />
			<line number="550"  hits="1"  branch="false" />
			<line number="555"  hits="10"  branch="false" />
			<line number="556"  hits="10"  branch="false" />
			<line number="557"  hits="10"  branch="true"  condition-coverage="100% (2/2)" />
			<line number="558"  hits="1"  branch="false" />
			<line number="567"  hits="9"  branch="true"  condition-coverage="100% (2/2)" />
			<line number="568"  hits="2"  branch="false" />
			<line number="570"  hits="2"  branch="true"  condition-coverage="100% (2/2)" />
			<line number="571"  hits="1"  branch="false" />
			<line number="583"  hits="8"  branch="true"  condition-coverage="100% (2/2)" />
			<line number="584"  hits="1"  branch="false" />
			<line number="587"  hits="8"  branch="true"  condition-coverage="100% (2/2)" />
			<line number="589"  hits="6"  branch="true"  condition-coverage="100% (2/2)" />
			<line number="590"  hits="2"  branch="false" />
			<line number="593"  hits="6"  branch="false" />
			<line number="594"  hits="6"  branch="false" />
			<line number="598"  hits="6"  branch="true"  condition-coverage="100% (2/2)" />
			<line number="599"  hits="1"  branch="false" />
			<line number="608"  hits="3"  branch="true"  condition-coverage="100% (2/2)" />
			<line number="609"  hits="1"  branch="false" />
			<line number="612"  hits="3"  branch="false" />
			<line number="614"  hits="3"  branch="true"  condition-coverage="100% (2/2)" />
			<line number="623"  hits="2"  branch="false" />
			<line number="624"  hits="2"  branch="false" />
			<line number="626"  hits="2"  branch="false" />
			<line number="628"  hits="2"  branch="true"  condition-coverage="100% (2/2)" />
			<line number="629"  hits="1"  branch="false" />
			<line number="638"  hits="4"  branch="false" />
			<line number="642"  hits="4"  branch="true"  condition-coverage="100% (2/2)" />
			<line number="644"  hits="1"  branch="false" />
			<line number="673"  hits="3"  branch="false" />
			<line number="674"  hits="3"  branch="false" />
			<line number="676"  hits="3"  branch="true"  condition-coverage="100% (2/2)" />
			<line number="677"  hits="2"  branch="false" />
			<line number="682"  hits="210"  branch="false" />
			<line number="683"  hits="220"  branch="false" />
			<line number="688"  hits="72"  branch="false" />
			<line number="689"  hits="72"  branch="true"  condition-coverage="100% (2/2)" />
			<line number="690"  hits="25"  branch="false" />
			<line number="691"  hits="24"  branch="false" />
			<line number="693"  hits="71"  branch="true"  condition-coverage="100% (2/2)" />
			<line number="694"  hits="4"  branch="false" />
			<line number="695"  hits="3"  branch="false" />
			<line number="697"  hits="70"  branch="true"  condition-coverage="100% (2/2)" />
			<line number="698"  hits="4"  branch="false" />
			<line number="699"  hits="3"  branch="false" />
			<line number="701"  hits="69"  branch="true"  condition-coverage="100% (2/2)" />
			<line number="702"  hits="4"  branch="false" />
			<line number="703"  hits="3"  branch="false" />
			<line number="705"  hits="68"  branch="true"  condition-coverage="100% (2/2)" />
			<line number="706"  hits="24"  branch="false" />
			<line number="707"  hits="23"  branch="false" />
			<line number="709"  hits="67"  branch="true"  condition-coverage="100% (2/2)" />
			<line number="710"  hits="27"  branch="false" />
			<line number="711"  hits="26"  branch="false" />
			<line number="713"  hits="66"  branch="true"  condition-coverage="100% (2/2)" />
			<line number="714"  hits="25"  branch="false" />
			<line number="715"  hits="24"  branch="false" />
			<line number="717"  hits="65"  branch="true"  condition-coverage="100% (2/2)" />
			<line number="718"  hits="4"  branch="false" />
			<line number="719"  hits="3"  branch="false" />
			<line number="721"  hits="64"  branch="true"  condition-coverage="100% (2/2)" />
			<line number="722"  hits="12"  branch="false" />
			<line number="723"  hits="10"  branch="false" />
			<line number="725"  hits="62"  branch="false" />
			<line number="729"  hits="129"  branch="true"  condition-coverage="100% (4/4)" />
			<line number="730"  hits="10"  branch="false" />
			<line number="764"  hits="62"  branch="false" />
			<line number="765"  hits="62"  branch="false" />
			<line number="766"  hits="62"  branch="false" />
			<line number="767"  hits="62"  branch="false" />
			<line number="768"  hits="62"  branch="false" />
			<line number="769"  hits="62"  branch="false" />
			<line number="770"  hits="62"  branch="false" />
			<line number="771"  hits="62"  branch="false" />
			<line number="772"  hits="62"  branch="false" />
			<line number="776"  hits="186"  branch="true"  condition-coverage="50% (1/2)" />
			<line number="777"  hits="186"  branch="false" />
			<line number="783"  hits="283"  branch="false" />
			<line number="784"  hits="283"  branch="false" />
			<line number="785"  hits="283"  branch="false" />
			<line number="786"  hits="283"  branch="false" />
			<line number="787"  hits="283"  branch="false" />
			<line number="788"  hits="283"  branch="false" />
			<line number="789"  hits="283"  branch="false" />
			<line number="790"  hits="283"  branch="false" />
			<line number="791"  hits="283"  branch="false" />
		</lines>
		</class>
	</classes>
	</package>
	<package name="0.8.9.utils"  line-rate="1"  branch-rate="1" >
	<classes>
		<class name="DummyEmptyContract.sol"  filename="contracts/0.8.9/utils/DummyEmptyContract.sol"  line-rate="1"  branch-rate="1" >
		<methods>
		</methods>
		<lines>
		</lines>
		</class>
		<class name="PausableUntil.sol"  filename="contracts/0.8.9/utils/PausableUntil.sol"  line-rate="1"  branch-rate="1" >
		<methods>
			<method name="whenPaused"  hits="2"  signature="()V" >
				<lines><line number="27"  hits="2" /></lines>
			</method>
			<method name="whenResumed"  hits="2"  signature="()V" >
				<lines><line number="33"  hits="2" /></lines>
			</method>
			<method name="_checkPaused"  hits="82"  signature="()V" >
				<lines><line number="38"  hits="82" /></lines>
			</method>
			<method name="_checkResumed"  hits="146"  signature="()V" >
				<lines><line number="44"  hits="146" /></lines>
			</method>
			<method name="isPaused"  hits="240"  signature="()V" >
				<lines><line number="51"  hits="240" /></lines>
			</method>
			<method name="getResumeSinceTimestamp"  hits="2"  signature="()V" >
				<lines><line number="59"  hits="2" /></lines>
			</method>
			<method name="_resume"  hits="80"  signature="()V" >
				<lines><line number="63"  hits="80" /></lines>
			</method>
			<method name="_pauseFor"  hits="74"  signature="()V" >
				<lines><line number="69"  hits="74" /></lines>
			</method>
			<method name="_pauseUntil"  hits="4"  signature="()V" >
				<lines><line number="82"  hits="4" /></lines>
			</method>
			<method name="_setPausedState"  hits="77"  signature="()V" >
				<lines><line number="95"  hits="77" /></lines>
			</method>
		</methods>
		<lines>
			<line number="28"  hits="2"  branch="false" />
			<line number="29"  hits="1"  branch="false" />
			<line number="34"  hits="2"  branch="false" />
			<line number="35"  hits="1"  branch="false" />
			<line number="39"  hits="82"  branch="true"  condition-coverage="100% (2/2)" />
			<line number="40"  hits="3"  branch="false" />
			<line number="45"  hits="146"  branch="true"  condition-coverage="100% (2/2)" />
			<line number="46"  hits="8"  branch="false" />
			<line number="52"  hits="240"  branch="false" />
			<line number="60"  hits="2"  branch="false" />
			<line number="64"  hits="80"  branch="false" />
			<line number="65"  hits="78"  branch="false" />
			<line number="66"  hits="78"  branch="false" />
			<line number="70"  hits="74"  branch="false" />
			<line number="71"  hits="72"  branch="true"  condition-coverage="100% (2/2)" />
			<line number="73"  hits="71"  branch="false" />
			<line number="74"  hits="71"  branch="true"  condition-coverage="100% (2/2)" />
			<line number="75"  hits="57"  branch="false" />
			<line number="77"  hits="14"  branch="false" />
			<line number="79"  hits="71"  branch="false" />
			<line number="83"  hits="4"  branch="false" />
			<line number="84"  hits="4"  branch="true"  condition-coverage="100% (2/2)" />
			<line number="86"  hits="3"  branch="false" />
			<line number="87"  hits="3"  branch="true"  condition-coverage="100% (2/2)" />
			<line number="88"  hits="2"  branch="false" />
			<line number="90"  hits="1"  branch="false" />
			<line number="92"  hits="3"  branch="false" />
			<line number="96"  hits="77"  branch="false" />
			<line number="97"  hits="77"  branch="true"  condition-coverage="100% (2/2)" />
			<line number="98"  hits="59"  branch="false" />
			<line number="100"  hits="18"  branch="false" />
		</lines>
		</class>
		<class name="Versioned.sol"  filename="contracts/0.8.9/utils/Versioned.sol"  line-rate="1"  branch-rate="1" >
		<methods>
			<method name="constructor"  hits="55"  signature="()V" >
				<lines><line number="28"  hits="55" /></lines>
			</method>
			<method name="getContractVersion"  hits="192"  signature="()V" >
				<lines><line number="34"  hits="192" /></lines>
			</method>
			<method name="_checkContractVersion"  hits="78"  signature="()V" >
				<lines><line number="38"  hits="78" /></lines>
			</method>
			<method name="_initializeContractVersionTo"  hits="95"  signature="()V" >
				<lines><line number="46"  hits="95" /></lines>
			</method>
			<method name="_updateContractVersion"  hits="3"  signature="()V" >
				<lines><line number="52"  hits="3" /></lines>
			</method>
			<method name="_setContractVersion"  hits="95"  signature="()V" >
				<lines><line number="57"  hits="95" /></lines>
			</method>
		</methods>
		<lines>
			<line number="30"  hits="55"  branch="false" />
			<line number="35"  hits="192"  branch="false" />
			<line number="39"  hits="78"  branch="false" />
			<line number="40"  hits="78"  branch="true"  condition-coverage="100% (2/2)" />
			<line number="41"  hits="4"  branch="false" />
			<line number="47"  hits="95"  branch="true"  condition-coverage="100% (2/2)" />
			<line number="48"  hits="93"  branch="false" />
			<line number="53"  hits="3"  branch="true"  condition-coverage="100% (2/2)" />
			<line number="54"  hits="2"  branch="false" />
			<line number="58"  hits="95"  branch="false" />
			<line number="59"  hits="95"  branch="false" />
		</lines>
		</class>
	</classes>
	</package>
	<package name="0.8.9.utils.access"  line-rate="1"  branch-rate="1" >
	<classes>
		<class name="AccessControl.sol"  filename="contracts/0.8.9/utils/access/AccessControl.sol"  line-rate="1"  branch-rate="1" >
		<methods>
			<method name="_storageRoles"  hits="3703"  signature="()V" >
				<lines><line number="62"  hits="3703" /></lines>
			</method>
			<method name="onlyRole"  hits="1047"  signature="()V" >
				<lines><line number="79"  hits="1047" /></lines>
			</method>
			<method name="supportsInterface"  hits="11"  signature="()V" >
				<lines><line number="87"  hits="11" /></lines>
			</method>
			<method name="hasRole"  hits="2325"  signature="()V" >
				<lines><line number="94"  hits="2325" /></lines>
			</method>
			<method name="_checkRole"  hits="1248"  signature="()V" >
				<lines><line number="105"  hits="1248" /></lines>
			</method>
			<method name="getRoleAdmin"  hits="459"  signature="()V" >
				<lines><line number="126"  hits="459" /></lines>
			</method>
			<method name="grantRole"  hits="450"  signature="()V" >
				<lines><line number="140"  hits="450" /></lines>
			</method>
			<method name="revokeRole"  hits="4"  signature="()V" >
				<lines><line number="153"  hits="4" /></lines>
			</method>
			<method name="renounceRole"  hits="3"  signature="()V" >
				<lines><line number="171"  hits="3" /></lines>
			</method>
			<method name="_setupRole"  hits="164"  signature="()V" >
				<lines><line number="195"  hits="164" /></lines>
			</method>
			<method name="_setRoleAdmin"  hits="1"  signature="()V" >
				<lines><line number="204"  hits="1" /></lines>
			</method>
			<method name="_grantRole"  hits="917"  signature="()V" >
				<lines><line number="215"  hits="917" /></lines>
			</method>
			<method name="_revokeRole"  hits="6"  signature="()V" >
				<lines><line number="227"  hits="6" /></lines>
			</method>
		</methods>
		<lines>
			<line number="63"  hits="3703"  branch="false" />
			<line number="64"  hits="3703"  branch="false" />
			<line number="80"  hits="1047"  branch="false" />
			<line number="81"  hits="999"  branch="false" />
			<line number="88"  hits="11"  branch="true"  condition-coverage="100% (2/2)" />
			<line number="95"  hits="2325"  branch="false" />
			<line number="106"  hits="1248"  branch="true"  condition-coverage="100% (2/2)" />
			<line number="107"  hits="55"  branch="false" />
			<line number="127"  hits="459"  branch="false" />
			<line number="141"  hits="450"  branch="false" />
			<line number="154"  hits="4"  branch="false" />
			<line number="172"  hits="3"  branch="true"  condition-coverage="100% (2/2)" />
			<line number="174"  hits="2"  branch="false" />
			<line number="196"  hits="164"  branch="false" />
			<line number="205"  hits="1"  branch="false" />
			<line number="206"  hits="1"  branch="false" />
			<line number="207"  hits="1"  branch="false" />
			<line number="216"  hits="917"  branch="true"  condition-coverage="100% (2/2)" />
			<line number="217"  hits="915"  branch="false" />
			<line number="218"  hits="915"  branch="false" />
			<line number="228"  hits="6"  branch="true"  condition-coverage="100% (2/2)" />
			<line number="229"  hits="3"  branch="false" />
			<line number="230"  hits="3"  branch="false" />
		</lines>
		</class>
		<class name="AccessControlEnumerable.sol"  filename="contracts/0.8.9/utils/access/AccessControlEnumerable.sol"  line-rate="1"  branch-rate="1" >
		<methods>
			<method name="_storageRoleMembers"  hits="943"  signature="()V" >
				<lines><line number="24"  hits="943" /></lines>
			</method>
			<method name="supportsInterface"  hits="10"  signature="()V" >
				<lines><line number="34"  hits="10" /></lines>
			</method>
			<method name="getRoleMember"  hits="3"  signature="()V" >
				<lines><line number="50"  hits="3" /></lines>
			</method>
			<method name="getRoleMemberCount"  hits="27"  signature="()V" >
				<lines><line number="58"  hits="27" /></lines>
			</method>
			<method name="_grantRole"  hits="911"  signature="()V" >
				<lines><line number="65"  hits="911" /></lines>
			</method>
			<method name="_revokeRole"  hits="2"  signature="()V" >
				<lines><line number="73"  hits="2" /></lines>
			</method>
		</methods>
		<lines>
			<line number="27"  hits="943"  branch="false" />
			<line number="28"  hits="943"  branch="false" />
			<line number="35"  hits="10"  branch="true"  condition-coverage="100% (2/2)" />
			<line number="51"  hits="3"  branch="false" />
			<line number="59"  hits="27"  branch="false" />
			<line number="66"  hits="911"  branch="false" />
			<line number="67"  hits="911"  branch="false" />
			<line number="74"  hits="2"  branch="false" />
			<line number="75"  hits="2"  branch="false" />
		</lines>
		</class>
	</classes>
	</package>
	<package name="testnets.sepolia"  line-rate="0"  branch-rate="0" >
	<classes>
		<class name="SepoliaDepositAdapter.sol"  filename="contracts/testnets/sepolia/SepoliaDepositAdapter.sol"  line-rate="0"  branch-rate="0" >
		<methods>
			<method name="constructor"  hits="0"  signature="()V" >
				<lines><line number="48"  hits="0" /></lines>
			</method>
			<method name="initialize"  hits="0"  signature="()V" >
				<lines><line number="52"  hits="0" /></lines>
			</method>
			<method name="get_deposit_root"  hits="0"  signature="()V" >
				<lines><line number="59"  hits="0" /></lines>
			</method>
			<method name="get_deposit_count"  hits="0"  signature="()V" >
				<lines><line number="63"  hits="0" /></lines>
			</method>
			<method name="recoverEth"  hits="0"  signature="()V" >
				<lines><line number="71"  hits="0" /></lines>
			</method>
			<method name="recoverBepolia"  hits="0"  signature="()V" >
				<lines><line number="81"  hits="0" /></lines>
			</method>
			<method name="deposit"  hits="0"  signature="()V" >
				<lines><line number="90"  hits="0" /></lines>
			</method>
		</methods>
		<lines>
			<line number="49"  hits="0"  branch="false" />
			<line number="53"  hits="0"  branch="true"  condition-coverage="0% (0/2)" />
			<line number="55"  hits="0"  branch="false" />
			<line number="56"  hits="0"  branch="false" />
			<line number="60"  hits="0"  branch="false" />
			<line number="64"  hits="0"  branch="false" />
			<line number="68"  hits="0"  branch="false" />
			<line number="72"  hits="0"  branch="false" />
			<line number="74"  hits="0"  branch="false" />
			<line number="75"  hits="0"  branch="true"  condition-coverage="0% (0/2)" />
			<line number="76"  hits="0"  branch="false" />
			<line number="78"  hits="0"  branch="false" />
			<line number="82"  hits="0"  branch="false" />
			<line number="83"  hits="0"  branch="false" />
			<line number="84"  hits="0"  branch="true"  condition-coverage="0% (0/2)" />
			<line number="85"  hits="0"  branch="false" />
			<line number="87"  hits="0"  branch="false" />
			<line number="96"  hits="0"  branch="false" />
			<line number="98"  hits="0"  branch="false" />
			<line number="99"  hits="0"  branch="true"  condition-coverage="0% (0/2)" />
			<line number="100"  hits="0"  branch="false" />
		</lines>
		</class>
	</classes>
	</package>
</packages>
</coverage>
